2024-03-24 15:36:46 0 [Note] Starting MariaDB 10.4.32-MariaDB source revision c4143f909528e3fab0677a28631d10389354c491 as process 544
2024-03-24 15:36:46 0 [Note] InnoDB: Mutexes and rw_locks use Windows interlocked functions
2024-03-24 15:36:46 0 [Note] InnoDB: Uses event mutexes
2024-03-24 15:36:46 0 [Note] InnoDB: Compressed tables use zlib 1.3
2024-03-24 15:36:46 0 [Note] InnoDB: Number of pools: 1
2024-03-24 15:36:46 0 [Note] InnoDB: Using SSE2 crc32 instructions
2024-03-24 15:36:46 0 [Note] InnoDB: Initializing buffer pool, total size = 16M, instances = 1, chunk size = 16M
2024-03-24 15:36:46 0 [Note] InnoDB: Completed initialization of buffer pool
2024-03-24 15:36:46 0 [Note] InnoDB: Starting crash recovery from checkpoint LSN=300288
2024-03-24 15:36:46 0 [Note] InnoDB: 128 out of 128 rollback segments are active.
2024-03-24 15:36:46 0 [Note] InnoDB: Removed temporary tablespace data file: "ibtmp1"
2024-03-24 15:36:46 0 [Note] InnoDB: Creating shared tablespace for temporary tables
2024-03-24 15:36:46 0 [Note] InnoDB: Setting file 'P:\xampp\mysql\data\ibtmp1' size to 12 MB. Physically writing the file full; Please wait ...
2024-03-24 15:36:46 0 [Note] InnoDB: File 'P:\xampp\mysql\data\ibtmp1' size is now 12 MB.
2024-03-24 15:36:46 0 [Note] InnoDB: Waiting for purge to start
2024-03-24 15:36:46 0 [Note] InnoDB: 10.4.32 started; log sequence number 300297; transaction id 170
2024-03-24 15:36:46 0 [Note] InnoDB: Loading buffer pool(s) from P:\xampp\mysql\data\ib_buffer_pool
2024-03-24 15:36:46 0 [Note] Plugin 'FEEDBACK' is disabled.
2024-03-24 15:36:46 0 [Note] Server socket created on IP: '::'.
2024-04-01 12:44:41 0 [Note] Starting MariaDB 10.4.32-MariaDB source revision c4143f909528e3fab0677a28631d10389354c491 as process 13768
2024-04-01 12:44:41 0 [Note] InnoDB: Mutexes and rw_locks use Windows interlocked functions
2024-04-01 12:44:41 0 [Note] InnoDB: Uses event mutexes
2024-04-01 12:44:41 0 [Note] InnoDB: Compressed tables use zlib 1.3
2024-04-01 12:44:41 0 [Note] InnoDB: Number of pools: 1
2024-04-01 12:44:41 0 [Note] InnoDB: Using SSE2 crc32 instructions
2024-04-01 12:44:41 0 [Note] InnoDB: Initializing buffer pool, total size = 16M, instances = 1, chunk size = 16M
2024-04-01 12:44:41 0 [Note] InnoDB: Completed initialization of buffer pool
2024-04-01 12:44:41 0 [Note] InnoDB: Starting crash recovery from checkpoint LSN=300306
2024-04-01 12:44:41 0 [Note] InnoDB: 128 out of 128 rollback segments are active.
2024-04-01 12:44:41 0 [Note] InnoDB: Removed temporary tablespace data file: "ibtmp1"
2024-04-01 12:44:41 0 [Note] InnoDB: Creating shared tablespace for temporary tables
2024-04-01 12:44:41 0 [Note] InnoDB: Setting file 'P:\xampp\mysql\data\ibtmp1' size to 12 MB. Physically writing the file full; Please wait ...
2024-04-01 12:44:41 0 [Note] InnoDB: File 'P:\xampp\mysql\data\ibtmp1' size is now 12 MB.
2024-04-01 12:44:41 0 [Note] InnoDB: Waiting for purge to start
2024-04-01 12:44:41 0 [Note] InnoDB: 10.4.32 started; log sequence number 300315; transaction id 170
2024-04-01 12:44:41 0 [Note] InnoDB: Loading buffer pool(s) from P:\xampp\mysql\data\ib_buffer_pool
2024-04-01 12:44:41 0 [Note] Plugin 'FEEDBACK' is disabled.
2024-04-01 12:44:41 0 [Note] InnoDB: Buffer pool(s) load completed at 240401 12:44:41
2024-04-01 12:44:42 0 [Note] Server socket created on IP: '::'.
2024-04-01 12:46:51 0 [Note] Starting MariaDB 10.4.32-MariaDB source revision c4143f909528e3fab0677a28631d10389354c491 as process 4684
2024-04-01 12:46:51 0 [ERROR] InnoDB: The innodb_system data file 'ibdata1' must be writable
2024-04-01 12:46:51 0 [ERROR] InnoDB: The innodb_system data file 'ibdata1' must be writable
2024-04-01 12:46:51 0 [ERROR] Plugin 'InnoDB' registration as a STORAGE ENGINE failed.
2024-04-01 12:46:51 0 [Note] Plugin 'FEEDBACK' is disabled.
2024-04-01 12:46:51 0 [ERROR] Unknown/unsupported storage engine: InnoDB
2024-04-01 12:46:51 0 [ERROR] Aborting
2024-04-01 12:46:53 0 [Note] Starting MariaDB 10.4.32-MariaDB source revision c4143f909528e3fab0677a28631d10389354c491 as process 7568
2024-04-01 12:46:53 0 [Note] InnoDB: Mutexes and rw_locks use Windows interlocked functions
2024-04-01 12:46:53 0 [Note] InnoDB: Uses event mutexes
2024-04-01 12:46:53 0 [Note] InnoDB: Compressed tables use zlib 1.3
2024-04-01 12:46:53 0 [Note] InnoDB: Number of pools: 1
2024-04-01 12:46:53 0 [Note] InnoDB: Using SSE2 crc32 instructions
2024-04-01 12:46:53 0 [Note] InnoDB: Initializing buffer pool, total size = 16M, instances = 1, chunk size = 16M
2024-04-01 12:46:53 0 [Note] InnoDB: Completed initialization of buffer pool
2024-04-01 12:46:53 0 [Note] InnoDB: Starting crash recovery from checkpoint LSN=300324
2024-04-01 12:46:54 0 [Note] InnoDB: 128 out of 128 rollback segments are active.
2024-04-01 12:46:54 0 [Note] InnoDB: Removed temporary tablespace data file: "ibtmp1"
2024-04-01 12:46:54 0 [Note] InnoDB: Creating shared tablespace for temporary tables
2024-04-01 12:46:54 0 [Note] InnoDB: Setting file 'P:\xampp\mysql\data\ibtmp1' size to 12 MB. Physically writing the file full; Please wait ...
2024-04-01 12:46:54 0 [Note] InnoDB: File 'P:\xampp\mysql\data\ibtmp1' size is now 12 MB.
2024-04-01 12:46:54 0 [Note] InnoDB: Waiting for purge to start
2024-04-01 12:46:54 0 [Note] InnoDB: 10.4.32 started; log sequence number 300333; transaction id 170
2024-04-01 12:46:54 0 [Note] InnoDB: Loading buffer pool(s) from P:\xampp\mysql\data\ib_buffer_pool
2024-04-01 12:46:54 0 [Note] Plugin 'FEEDBACK' is disabled.
2024-04-01 12:46:54 0 [Note] InnoDB: Buffer pool(s) load completed at 240401 12:46:54
2024-04-01 12:46:54 0 [Note] Server socket created on IP: '::'.
2024-04-04 23:09:23 0 [Note] Starting MariaDB 10.4.32-MariaDB source revision c4143f909528e3fab0677a28631d10389354c491 as process 14212
2024-04-04 23:09:23 0 [Note] InnoDB: Mutexes and rw_locks use Windows interlocked functions
2024-04-04 23:09:23 0 [Note] InnoDB: Uses event mutexes
2024-04-04 23:09:23 0 [Note] InnoDB: Compressed tables use zlib 1.3
2024-04-04 23:09:23 0 [Note] InnoDB: Number of pools: 1
2024-04-04 23:09:23 0 [Note] InnoDB: Using SSE2 crc32 instructions
2024-04-04 23:09:23 0 [Note] InnoDB: Initializing buffer pool, total size = 16M, instances = 1, chunk size = 16M
2024-04-04 23:09:23 0 [Note] InnoDB: Completed initialization of buffer pool
2024-04-04 23:09:23 0 [Note] InnoDB: Starting crash recovery from checkpoint LSN=429359
2024-04-04 23:09:24 0 [Note] InnoDB: 128 out of 128 rollback segments are active.
2024-04-04 23:09:24 0 [Note] InnoDB: Removed temporary tablespace data file: "ibtmp1"
2024-04-04 23:09:24 0 [Note] InnoDB: Creating shared tablespace for temporary tables
2024-04-04 23:09:24 0 [Note] InnoDB: Setting file 'P:\xampp\mysql\data\ibtmp1' size to 12 MB. Physically writing the file full; Please wait ...
2024-04-04 23:09:24 0 [Note] InnoDB: File 'P:\xampp\mysql\data\ibtmp1' size is now 12 MB.
2024-04-04 23:09:24 0 [Note] InnoDB: Waiting for purge to start
2024-04-04 23:09:24 0 [Note] InnoDB: 10.4.32 started; log sequence number 429368; transaction id 436
2024-04-04 23:09:24 0 [Note] Plugin 'FEEDBACK' is disabled.
2024-04-04 23:09:24 0 [Note] InnoDB: Loading buffer pool(s) from P:\xampp\mysql\data\ib_buffer_pool
2024-04-04 23:09:24 0 [Note] InnoDB: Buffer pool(s) load completed at 240404 23:09:24
2024-04-04 23:09:24 0 [Note] Server socket created on IP: '::'.
2024-04-05  0:22:19 0 [Note] Starting MariaDB 10.4.32-MariaDB source revision c4143f909528e3fab0677a28631d10389354c491 as process 6928
2024-04-05  0:22:19 0 [Note] InnoDB: Mutexes and rw_locks use Windows interlocked functions
2024-04-05  0:22:19 0 [Note] InnoDB: Uses event mutexes
2024-04-05  0:22:19 0 [Note] InnoDB: Compressed tables use zlib 1.3
2024-04-05  0:22:19 0 [Note] InnoDB: Number of pools: 1
2024-04-05  0:22:19 0 [Note] InnoDB: Using SSE2 crc32 instructions
2024-04-05  0:22:19 0 [Note] InnoDB: Initializing buffer pool, total size = 16M, instances = 1, chunk size = 16M
2024-04-05  0:22:19 0 [Note] InnoDB: Completed initialization of buffer pool
2024-04-05  0:22:19 0 [Note] InnoDB: Starting crash recovery from checkpoint LSN=429694
2024-04-05  0:22:19 0 [Note] InnoDB: 128 out of 128 rollback segments are active.
2024-04-05  0:22:19 0 [Note] InnoDB: Removed temporary tablespace data file: "ibtmp1"
2024-04-05  0:22:19 0 [Note] InnoDB: Creating shared tablespace for temporary tables
2024-04-05  0:22:19 0 [Note] InnoDB: Setting file 'P:\xampp\mysql\data\ibtmp1' size to 12 MB. Physically writing the file full; Please wait ...
2024-04-05  0:22:19 0 [Note] InnoDB: File 'P:\xampp\mysql\data\ibtmp1' size is now 12 MB.
2024-04-05  0:22:19 0 [Note] InnoDB: Waiting for purge to start
2024-04-05  0:22:20 0 [Note] InnoDB: 10.4.32 started; log sequence number 429703; transaction id 459
2024-04-05  0:22:20 0 [Note] InnoDB: Loading buffer pool(s) from P:\xampp\mysql\data\ib_buffer_pool
2024-04-05  0:22:20 0 [Note] Plugin 'FEEDBACK' is disabled.
2024-04-05  0:22:20 0 [Note] Server socket created on IP: '::'.
2024-04-05 23:10:04 0 [Note] Starting MariaDB 10.4.32-MariaDB source revision c4143f909528e3fab0677a28631d10389354c491 as process 1612
2024-04-05 23:10:04 0 [Note] InnoDB: Mutexes and rw_locks use Windows interlocked functions
2024-04-05 23:10:04 0 [Note] InnoDB: Uses event mutexes
2024-04-05 23:10:04 0 [Note] InnoDB: Compressed tables use zlib 1.3
2024-04-05 23:10:04 0 [Note] InnoDB: Number of pools: 1
2024-04-05 23:10:04 0 [Note] InnoDB: Using SSE2 crc32 instructions
2024-04-05 23:10:04 0 [Note] InnoDB: Initializing buffer pool, total size = 16M, instances = 1, chunk size = 16M
2024-04-05 23:10:04 0 [Note] InnoDB: Completed initialization of buffer pool
2024-04-05 23:10:04 0 [Note] InnoDB: Starting crash recovery from checkpoint LSN=430140
2024-04-05 23:10:05 0 [Note] InnoDB: 128 out of 128 rollback segments are active.
2024-04-05 23:10:05 0 [Note] InnoDB: Removed temporary tablespace data file: "ibtmp1"
2024-04-05 23:10:05 0 [Note] InnoDB: Creating shared tablespace for temporary tables
2024-04-05 23:10:05 0 [Note] InnoDB: Setting file 'P:\xampp\mysql\data\ibtmp1' size to 12 MB. Physically writing the file full; Please wait ...
2024-04-05 23:10:05 0 [Note] InnoDB: File 'P:\xampp\mysql\data\ibtmp1' size is now 12 MB.
2024-04-05 23:10:05 0 [Note] InnoDB: Waiting for purge to start
2024-04-05 23:10:05 0 [Note] InnoDB: 10.4.32 started; log sequence number 430149; transaction id 482
2024-04-05 23:10:05 0 [Note] Plugin 'FEEDBACK' is disabled.
2024-04-05 23:10:05 0 [Note] InnoDB: Loading buffer pool(s) from P:\xampp\mysql\data\ib_buffer_pool
2024-04-05 23:10:05 0 [Note] InnoDB: Buffer pool(s) load completed at 240405 23:10:05
2024-04-05 23:10:05 0 [Note] Server socket created on IP: '::'.
2024-04-06 21:46:09 0 [Note] Starting MariaDB 10.4.32-MariaDB source revision c4143f909528e3fab0677a28631d10389354c491 as process 12088
2024-04-06 21:46:09 0 [Note] InnoDB: Mutexes and rw_locks use Windows interlocked functions
2024-04-06 21:46:09 0 [Note] InnoDB: Uses event mutexes
2024-04-06 21:46:09 0 [Note] InnoDB: Compressed tables use zlib 1.3
2024-04-06 21:46:09 0 [Note] InnoDB: Number of pools: 1
2024-04-06 21:46:09 0 [Note] InnoDB: Using SSE2 crc32 instructions
2024-04-06 21:46:09 0 [Note] InnoDB: Initializing buffer pool, total size = 16M, instances = 1, chunk size = 16M
2024-04-06 21:46:09 0 [Note] InnoDB: Completed initialization of buffer pool
2024-04-06 21:46:09 0 [Note] InnoDB: Starting crash recovery from checkpoint LSN=433268
2024-04-06 21:46:11 0 [Note] InnoDB: 128 out of 128 rollback segments are active.
2024-04-06 21:46:11 0 [Note] InnoDB: Removed temporary tablespace data file: "ibtmp1"
2024-04-06 21:46:11 0 [Note] InnoDB: Creating shared tablespace for temporary tables
2024-04-06 21:46:11 0 [Note] InnoDB: Setting file 'P:\xampp\mysql\data\ibtmp1' size to 12 MB. Physically writing the file full; Please wait ...
2024-04-06 21:46:11 0 [Note] InnoDB: File 'P:\xampp\mysql\data\ibtmp1' size is now 12 MB.
2024-04-06 21:46:11 0 [Note] InnoDB: Waiting for purge to start
2024-04-06 21:46:11 0 [Note] InnoDB: 10.4.32 started; log sequence number 433277; transaction id 516
2024-04-06 21:46:11 0 [Note] InnoDB: Loading buffer pool(s) from P:\xampp\mysql\data\ib_buffer_pool
2024-04-06 21:46:11 0 [Note] Plugin 'FEEDBACK' is disabled.
2024-04-06 21:46:12 0 [Note] Server socket created on IP: '::'.
2024-04-09 16:20:36 0 [Note] Starting MariaDB 10.4.32-MariaDB source revision c4143f909528e3fab0677a28631d10389354c491 as process 6448
2024-04-09 16:20:36 0 [Note] InnoDB: Mutexes and rw_locks use Windows interlocked functions
2024-04-09 16:20:36 0 [Note] InnoDB: Uses event mutexes
2024-04-09 16:20:36 0 [Note] InnoDB: Compressed tables use zlib 1.3
2024-04-09 16:20:36 0 [Note] InnoDB: Number of pools: 1
2024-04-09 16:20:36 0 [Note] InnoDB: Using SSE2 crc32 instructions
2024-04-09 16:20:36 0 [Note] InnoDB: Initializing buffer pool, total size = 16M, instances = 1, chunk size = 16M
2024-04-09 16:20:36 0 [Note] InnoDB: Completed initialization of buffer pool
2024-04-09 16:20:36 0 [Note] InnoDB: Starting crash recovery from checkpoint LSN=435416
2024-04-09 16:20:38 0 [Note] InnoDB: 128 out of 128 rollback segments are active.
2024-04-09 16:20:38 0 [Note] InnoDB: Removed temporary tablespace data file: "ibtmp1"
2024-04-09 16:20:38 0 [Note] InnoDB: Creating shared tablespace for temporary tables
2024-04-09 16:20:38 0 [Note] InnoDB: Setting file 'P:\xampp\mysql\data\ibtmp1' size to 12 MB. Physically writing the file full; Please wait ...
2024-04-09 16:20:38 0 [Note] InnoDB: File 'P:\xampp\mysql\data\ibtmp1' size is now 12 MB.
2024-04-09 16:20:38 0 [Note] InnoDB: Waiting for purge to start
2024-04-09 16:20:38 0 [Note] InnoDB: 10.4.32 started; log sequence number 435425; transaction id 546
2024-04-09 16:20:38 0 [Note] Plugin 'FEEDBACK' is disabled.
2024-04-09 16:20:38 0 [Note] InnoDB: Loading buffer pool(s) from P:\xampp\mysql\data\ib_buffer_pool
2024-04-09 16:20:38 0 [Note] InnoDB: Buffer pool(s) load completed at 240409 16:20:38
2024-04-09 16:20:38 0 [Note] Server socket created on IP: '::'.
2024-04-09 20:42:24 0 [Note] Starting MariaDB 10.4.32-MariaDB source revision c4143f909528e3fab0677a28631d10389354c491 as process 16360
2024-04-09 20:42:24 0 [Note] InnoDB: Mutexes and rw_locks use Windows interlocked functions
2024-04-09 20:42:24 0 [Note] InnoDB: Uses event mutexes
2024-04-09 20:42:24 0 [Note] InnoDB: Compressed tables use zlib 1.3
2024-04-09 20:42:24 0 [Note] InnoDB: Number of pools: 1
2024-04-09 20:42:24 0 [Note] InnoDB: Using SSE2 crc32 instructions
2024-04-09 20:42:24 0 [Note] InnoDB: Initializing buffer pool, total size = 16M, instances = 1, chunk size = 16M
2024-04-09 20:42:24 0 [Note] InnoDB: Completed initialization of buffer pool
2024-04-09 20:42:24 0 [Note] InnoDB: 128 out of 128 rollback segments are active.
2024-04-09 20:42:24 0 [Note] InnoDB: Creating shared tablespace for temporary tables
2024-04-09 20:42:24 0 [Note] InnoDB: Setting file 'P:\xampp\mysql\data\ibtmp1' size to 12 MB. Physically writing the file full; Please wait ...
2024-04-09 20:42:24 0 [Note] InnoDB: File 'P:\xampp\mysql\data\ibtmp1' size is now 12 MB.
2024-04-09 20:42:24 0 [Note] InnoDB: Waiting for purge to start
2024-04-09 20:42:24 0 [Note] InnoDB: 10.4.32 started; log sequence number 568486; transaction id 893
2024-04-09 20:42:24 0 [Note] InnoDB: Loading buffer pool(s) from P:\xampp\mysql\data\ib_buffer_pool
2024-04-09 20:42:24 0 [Note] Plugin 'FEEDBACK' is disabled.
2024-04-09 20:42:24 0 [Note] InnoDB: Buffer pool(s) load completed at 240409 20:42:24
2024-04-09 20:42:24 0 [Note] Server socket created on IP: '::'.
2024-04-09 20:44:41 0 [Note] Starting MariaDB 10.4.32-MariaDB source revision c4143f909528e3fab0677a28631d10389354c491 as process 7636
2024-04-09 20:44:41 0 [Note] InnoDB: Mutexes and rw_locks use Windows interlocked functions
2024-04-09 20:44:41 0 [Note] InnoDB: Uses event mutexes
2024-04-09 20:44:41 0 [Note] InnoDB: Compressed tables use zlib 1.3
2024-04-09 20:44:41 0 [Note] InnoDB: Number of pools: 1
2024-04-09 20:44:41 0 [Note] InnoDB: Using SSE2 crc32 instructions
2024-04-09 20:44:41 0 [Note] InnoDB: Initializing buffer pool, total size = 16M, instances = 1, chunk size = 16M
2024-04-09 20:44:41 0 [Note] InnoDB: Completed initialization of buffer pool
2024-04-09 20:44:41 0 [Note] InnoDB: 128 out of 128 rollback segments are active.
2024-04-09 20:44:41 0 [Note] InnoDB: Creating shared tablespace for temporary tables
2024-04-09 20:44:41 0 [Note] InnoDB: Setting file 'P:\xampp\mysql\data\ibtmp1' size to 12 MB. Physically writing the file full; Please wait ...
2024-04-09 20:44:41 0 [Note] InnoDB: File 'P:\xampp\mysql\data\ibtmp1' size is now 12 MB.
2024-04-09 20:44:41 0 [Note] InnoDB: Waiting for purge to start
2024-04-09 20:44:41 0 [Note] InnoDB: 10.4.32 started; log sequence number 568857; transaction id 916
2024-04-09 20:44:41 0 [Note] InnoDB: Loading buffer pool(s) from P:\xampp\mysql\data\ib_buffer_pool
2024-04-09 20:44:41 0 [Note] Plugin 'FEEDBACK' is disabled.
2024-04-09 20:44:41 0 [Note] InnoDB: Buffer pool(s) load completed at 240409 20:44:41
2024-04-09 20:44:41 0 [Note] Server socket created on IP: '::'.
2024-04-10 15:25:25 0 [Note] Starting MariaDB 10.4.32-MariaDB source revision c4143f909528e3fab0677a28631d10389354c491 as process 1348
2024-04-10 15:25:25 0 [Note] InnoDB: The first innodb_system data file 'ibdata1' did not exist. A new tablespace will be created!
2024-04-10 15:25:25 0 [Note] InnoDB: Mutexes and rw_locks use Windows interlocked functions
2024-04-10 15:25:25 0 [Note] InnoDB: Uses event mutexes
2024-04-10 15:25:25 0 [Note] InnoDB: Compressed tables use zlib 1.3
2024-04-10 15:25:25 0 [Note] InnoDB: Number of pools: 1
2024-04-10 15:25:25 0 [Note] InnoDB: Using SSE2 crc32 instructions
2024-04-10 15:25:25 0 [Note] InnoDB: Initializing buffer pool, total size = 16M, instances = 1, chunk size = 16M
2024-04-10 15:25:25 0 [Note] InnoDB: Completed initialization of buffer pool
2024-04-10 15:25:25 0 [Note] InnoDB: Setting file 'P:\xampp\mysql\data\ibdata1' size to 10 MB. Physically writing the file full; Please wait ...
2024-04-10 15:25:25 0 [Note] InnoDB: File 'P:\xampp\mysql\data\ibdata1' size is now 10 MB.
2024-04-10 15:25:25 0 [Note] InnoDB: Setting log file P:\xampp\mysql\data\ib_logfile101 size to 5242880 bytes
2024-04-10 15:25:25 0 [Note] InnoDB: Setting log file P:\xampp\mysql\data\ib_logfile1 size to 5242880 bytes
2024-04-10 15:25:25 0 [Note] InnoDB: Renaming log file P:\xampp\mysql\data\ib_logfile101 to P:\xampp\mysql\data\ib_logfile0
2024-04-10 15:25:25 0 [Note] InnoDB: New log files created, LSN=11451
2024-04-10 15:25:25 0 [Note] InnoDB: Doublewrite buffer not found: creating new
2024-04-10 15:25:25 0 [Note] InnoDB: Doublewrite buffer created
2024-04-10 15:25:25 0 [Note] InnoDB: 128 out of 128 rollback segments are active.
2024-04-10 15:25:25 0 [Note] InnoDB: Creating foreign key constraint system tables.
2024-04-10 15:25:25 0 [Note] InnoDB: Creating tablespace and datafile system tables.
2024-04-10 15:25:25 0 [Note] InnoDB: Creating sys_virtual system tables.
2024-04-10 15:25:25 0 [Note] InnoDB: Creating shared tablespace for temporary tables
2024-04-10 15:25:25 0 [Note] InnoDB: Setting file 'P:\xampp\mysql\data\ibtmp1' size to 12 MB. Physically writing the file full; Please wait ...
2024-04-10 15:25:25 0 [Note] InnoDB: File 'P:\xampp\mysql\data\ibtmp1' size is now 12 MB.
2024-04-10 15:25:25 0 [Note] InnoDB: Waiting for purge to start
2024-04-10 15:25:26 0 [Note] InnoDB: 10.4.32 started; log sequence number 0; transaction id 7
2024-04-10 15:25:26 0 [Note] Plugin 'FEEDBACK' is disabled.
2024-04-10 15:25:26 0 [Note] Server socket created on IP: '::'.
2024-04-10 15:26:45 0 [Note] Starting MariaDB 10.4.32-MariaDB source revision c4143f909528e3fab0677a28631d10389354c491 as process 820
2024-04-10 15:26:45 0 [Note] InnoDB: Mutexes and rw_locks use Windows interlocked functions
2024-04-10 15:26:45 0 [Note] InnoDB: Uses event mutexes
2024-04-10 15:26:45 0 [Note] InnoDB: Compressed tables use zlib 1.3
2024-04-10 15:26:45 0 [Note] InnoDB: Number of pools: 1
2024-04-10 15:26:45 0 [Note] InnoDB: Using SSE2 crc32 instructions
2024-04-10 15:26:45 0 [Note] InnoDB: Initializing buffer pool, total size = 16M, instances = 1, chunk size = 16M
2024-04-10 15:26:45 0 [Note] InnoDB: Completed initialization of buffer pool
2024-04-10 15:26:45 0 [Note] InnoDB: Starting crash recovery from checkpoint LSN=47047
2024-04-10 15:26:45 0 [Note] InnoDB: 128 out of 128 rollback segments are active.
2024-04-10 15:26:45 0 [Note] InnoDB: Removed temporary tablespace data file: "ibtmp1"
2024-04-10 15:26:45 0 [Note] InnoDB: Creating shared tablespace for temporary tables
2024-04-10 15:26:45 0 [Note] InnoDB: Setting file 'P:\xampp\mysql\data\ibtmp1' size to 12 MB. Physically writing the file full; Please wait ...
2024-04-10 15:26:45 0 [Note] InnoDB: File 'P:\xampp\mysql\data\ibtmp1' size is now 12 MB.
2024-04-10 15:26:45 0 [Note] InnoDB: Waiting for purge to start
2024-04-10 15:26:45 0 [Note] InnoDB: 10.4.32 started; log sequence number 47056; transaction id 8
2024-04-10 15:26:45 0 [Note] InnoDB: Loading buffer pool(s) from P:\xampp\mysql\data\ib_buffer_pool
2024-04-10 15:26:45 0 [Note] Plugin 'FEEDBACK' is disabled.
2024-04-10 15:26:45 0 [Note] InnoDB: Cannot open 'P:\xampp\mysql\data\ib_buffer_pool' for reading: No such file or directory
2024-04-10 15:26:45 0 [Note] Server socket created on IP: '::'.
2024-04-10 15:27:11 0 [Note] Starting MariaDB 10.4.32-MariaDB source revision c4143f909528e3fab0677a28631d10389354c491 as process 16044
2024-04-10 15:27:11 0 [Note] InnoDB: Mutexes and rw_locks use Windows interlocked functions
2024-04-10 15:27:11 0 [Note] InnoDB: Uses event mutexes
2024-04-10 15:27:11 0 [Note] InnoDB: Compressed tables use zlib 1.3
2024-04-10 15:27:11 0 [Note] InnoDB: Number of pools: 1
2024-04-10 15:27:11 0 [Note] InnoDB: Using SSE2 crc32 instructions
2024-04-10 15:27:11 0 [Note] InnoDB: Initializing buffer pool, total size = 16M, instances = 1, chunk size = 16M
2024-04-10 15:27:11 0 [Note] InnoDB: Completed initialization of buffer pool
2024-04-10 15:27:11 0 [Note] InnoDB: Starting crash recovery from checkpoint LSN=47065
2024-04-10 15:27:12 0 [Note] InnoDB: 128 out of 128 rollback segments are active.
2024-04-10 15:27:12 0 [Note] InnoDB: Removed temporary tablespace data file: "ibtmp1"
2024-04-10 15:27:12 0 [Note] InnoDB: Creating shared tablespace for temporary tables
2024-04-10 15:27:12 0 [Note] InnoDB: Setting file 'P:\xampp\mysql\data\ibtmp1' size to 12 MB. Physically writing the file full; Please wait ...
2024-04-10 15:27:12 0 [Note] InnoDB: File 'P:\xampp\mysql\data\ibtmp1' size is now 12 MB.
2024-04-10 15:27:12 0 [Note] InnoDB: Waiting for purge to start
2024-04-10 15:27:12 0 [Note] InnoDB: 10.4.32 started; log sequence number 47074; transaction id 8
2024-04-10 15:27:12 0 [Note] InnoDB: Loading buffer pool(s) from P:\xampp\mysql\data\ib_buffer_pool
2024-04-10 15:27:12 0 [Note] Plugin 'FEEDBACK' is disabled.
2024-04-10 15:27:12 0 [Note] InnoDB: Cannot open 'P:\xampp\mysql\data\ib_buffer_pool' for reading: No such file or directory
2024-04-10 15:27:12 0 [Note] Server socket created on IP: '::'.
2024-04-11 13:28:52 0 [Note] Starting MariaDB 10.4.32-MariaDB source revision c4143f909528e3fab0677a28631d10389354c491 as process 10292
2024-04-11 13:28:53 0 [Note] InnoDB: Mutexes and rw_locks use Windows interlocked functions
2024-04-11 13:28:53 0 [Note] InnoDB: Uses event mutexes
2024-04-11 13:28:53 0 [Note] InnoDB: Compressed tables use zlib 1.3
2024-04-11 13:28:53 0 [Note] InnoDB: Number of pools: 1
2024-04-11 13:28:53 0 [Note] InnoDB: Using SSE2 crc32 instructions
2024-04-11 13:28:53 0 [Note] InnoDB: Initializing buffer pool, total size = 16M, instances = 1, chunk size = 16M
2024-04-11 13:28:53 0 [Note] InnoDB: Completed initialization of buffer pool
2024-04-11 13:28:53 0 [Note] InnoDB: Starting crash recovery from checkpoint LSN=47083
2024-04-11 13:28:53 0 [Note] InnoDB: 128 out of 128 rollback segments are active.
2024-04-11 13:28:53 0 [Note] InnoDB: Removed temporary tablespace data file: "ibtmp1"
2024-04-11 13:28:53 0 [Note] InnoDB: Creating shared tablespace for temporary tables
2024-04-11 13:28:53 0 [Note] InnoDB: Setting file 'P:\xampp\mysql\data\ibtmp1' size to 12 MB. Physically writing the file full; Please wait ...
2024-04-11 13:28:53 0 [Note] InnoDB: File 'P:\xampp\mysql\data\ibtmp1' size is now 12 MB.
2024-04-11 13:28:53 0 [Note] InnoDB: Waiting for purge to start
2024-04-11 13:28:53 0 [Note] InnoDB: 10.4.32 started; log sequence number 47092; transaction id 8
2024-04-11 13:28:53 0 [Note] InnoDB: Loading buffer pool(s) from P:\xampp\mysql\data\ib_buffer_pool
2024-04-11 13:28:53 0 [Note] Plugin 'FEEDBACK' is disabled.
2024-04-11 13:28:53 0 [Note] InnoDB: Cannot open 'P:\xampp\mysql\data\ib_buffer_pool' for reading: No such file or directory
2024-04-11 13:28:54 0 [Note] Server socket created on IP: '::'.
2024-04-12 13:33:36 0 [Note] Starting MariaDB 10.4.32-MariaDB source revision c4143f909528e3fab0677a28631d10389354c491 as process 1928
2024-04-12 13:33:37 0 [Note] InnoDB: Mutexes and rw_locks use Windows interlocked functions
2024-04-12 13:33:37 0 [Note] InnoDB: Uses event mutexes
2024-04-12 13:33:37 0 [Note] InnoDB: Compressed tables use zlib 1.3
2024-04-12 13:33:37 0 [Note] InnoDB: Number of pools: 1
2024-04-12 13:33:37 0 [Note] InnoDB: Using SSE2 crc32 instructions
2024-04-12 13:33:37 0 [Note] InnoDB: Initializing buffer pool, total size = 16M, instances = 1, chunk size = 16M
2024-04-12 13:33:37 0 [Note] InnoDB: Completed initialization of buffer pool
2024-04-12 13:33:37 0 [Note] InnoDB: Starting crash recovery from checkpoint LSN=47135
2024-04-12 13:33:37 0 [Note] InnoDB: 128 out of 128 rollback segments are active.
2024-04-12 13:33:37 0 [Note] InnoDB: Removed temporary tablespace data file: "ibtmp1"
2024-04-12 13:33:37 0 [Note] InnoDB: Creating shared tablespace for temporary tables
2024-04-12 13:33:37 0 [Note] InnoDB: Setting file 'P:\xampp\mysql\data\ibtmp1' size to 12 MB. Physically writing the file full; Please wait ...
2024-04-12 13:33:37 0 [Note] InnoDB: File 'P:\xampp\mysql\data\ibtmp1' size is now 12 MB.
2024-04-12 13:33:37 0 [Note] InnoDB: Waiting for purge to start
2024-04-12 13:33:37 0 [Note] InnoDB: 10.4.32 started; log sequence number 47144; transaction id 8
2024-04-12 13:33:37 0 [Note] InnoDB: Loading buffer pool(s) from P:\xampp\mysql\data\ib_buffer_pool
2024-04-12 13:33:37 0 [Note] Plugin 'FEEDBACK' is disabled.
2024-04-12 13:33:37 0 [Note] InnoDB: Cannot open 'P:\xampp\mysql\data\ib_buffer_pool' for reading: No such file or directory
2024-04-12 13:33:37 0 [Note] Server socket created on IP: '::'.
