2024-04-12 19:32:02 0 [Note] Starting MariaDB 10.4.32-MariaDB source revision c4143f909528e3fab0677a28631d10389354c491 as process 9484
2024-04-12 19:32:02 0 [Note] InnoDB: Mutexes and rw_locks use Windows interlocked functions
2024-04-12 19:32:02 0 [Note] InnoDB: Uses event mutexes
2024-04-12 19:32:02 0 [Note] InnoDB: Compressed tables use zlib 1.3
2024-04-12 19:32:02 0 [Note] InnoDB: Number of pools: 1
2024-04-12 19:32:02 0 [Note] InnoDB: Using SSE2 crc32 instructions
2024-04-12 19:32:02 0 [Note] InnoDB: Initializing buffer pool, total size = 16M, instances = 1, chunk size = 16M
2024-04-12 19:32:02 0 [Note] InnoDB: Completed initialization of buffer pool
2024-04-12 19:32:03 0 [Note] InnoDB: Starting crash recovery from checkpoint LSN=569273
2024-04-12 19:32:03 0 [ERROR] InnoDB: Operating system error number 3 in a file operation.
2024-04-12 19:32:03 0 [ERROR] InnoDB: The error means the system cannot find the path specified.
2024-04-12 19:32:03 0 [ERROR] InnoDB: If you are installing InnoDB, remember that you must create directories yourself, InnoDB does not create them.
2024-04-12 19:32:03 0 [ERROR] InnoDB: Cannot open datafile for read-only: '.\mysql\gtid_slave_pos.ibd' OS error: 203
2024-04-12 19:32:03 0 [ERROR] InnoDB: Operating system error number 203 in a file operation.
2024-04-12 19:32:03 0 [Note] InnoDB: Some operating system error numbers are described at https://mariadb.com/kb/en/library/operating-system-error-codes/
2024-04-12 19:32:03 0 [ERROR] InnoDB: Could not find a valid tablespace file for ``mysql`.`gtid_slave_pos``. Please refer to https://mariadb.com/kb/en/innodb-data-dictionary-troubleshooting/ for how to resolve the issue.
2024-04-12 19:32:03 0 [Warning] InnoDB: Ignoring tablespace for `mysql`.`gtid_slave_pos` because it could not be opened.
2024-04-12 19:32:03 0 [ERROR] InnoDB: Operating system error number 3 in a file operation.
2024-04-12 19:32:03 0 [ERROR] InnoDB: The error means the system cannot find the path specified.
2024-04-12 19:32:03 0 [ERROR] InnoDB: If you are installing InnoDB, remember that you must create directories yourself, InnoDB does not create them.
2024-04-12 19:32:03 0 [ERROR] InnoDB: Cannot open datafile for read-only: '.\mysql\innodb_index_stats.ibd' OS error: 203
2024-04-12 19:32:03 0 [ERROR] InnoDB: Operating system error number 203 in a file operation.
2024-04-12 19:32:03 0 [Note] InnoDB: Some operating system error numbers are described at https://mariadb.com/kb/en/library/operating-system-error-codes/
2024-04-12 19:32:03 0 [ERROR] InnoDB: Could not find a valid tablespace file for ``mysql`.`innodb_index_stats``. Please refer to https://mariadb.com/kb/en/innodb-data-dictionary-troubleshooting/ for how to resolve the issue.
2024-04-12 19:32:03 0 [Warning] InnoDB: Ignoring tablespace for `mysql`.`innodb_index_stats` because it could not be opened.
2024-04-12 19:32:03 0 [ERROR] InnoDB: Operating system error number 3 in a file operation.
2024-04-12 19:32:03 0 [ERROR] InnoDB: The error means the system cannot find the path specified.
2024-04-12 19:32:03 0 [ERROR] InnoDB: If you are installing InnoDB, remember that you must create directories yourself, InnoDB does not create them.
2024-04-12 19:32:03 0 [ERROR] InnoDB: Cannot open datafile for read-only: '.\mysql\innodb_table_stats.ibd' OS error: 203
2024-04-12 19:32:03 0 [ERROR] InnoDB: Operating system error number 203 in a file operation.
2024-04-12 19:32:03 0 [Note] InnoDB: Some operating system error numbers are described at https://mariadb.com/kb/en/library/operating-system-error-codes/
2024-04-12 19:32:03 0 [ERROR] InnoDB: Could not find a valid tablespace file for ``mysql`.`innodb_table_stats``. Please refer to https://mariadb.com/kb/en/innodb-data-dictionary-troubleshooting/ for how to resolve the issue.
2024-04-12 19:32:03 0 [Warning] InnoDB: Ignoring tablespace for `mysql`.`innodb_table_stats` because it could not be opened.
2024-04-12 19:32:03 0 [ERROR] InnoDB: Operating system error number 3 in a file operation.
2024-04-12 19:32:03 0 [ERROR] InnoDB: The error means the system cannot find the path specified.
2024-04-12 19:32:03 0 [ERROR] InnoDB: If you are installing InnoDB, remember that you must create directories yourself, InnoDB does not create them.
2024-04-12 19:32:03 0 [ERROR] InnoDB: Cannot open datafile for read-only: '.\mysql\transaction_registry.ibd' OS error: 203
2024-04-12 19:32:03 0 [ERROR] InnoDB: Operating system error number 203 in a file operation.
2024-04-12 19:32:03 0 [Note] InnoDB: Some operating system error numbers are described at https://mariadb.com/kb/en/library/operating-system-error-codes/
2024-04-12 19:32:03 0 [ERROR] InnoDB: Could not find a valid tablespace file for ``mysql`.`transaction_registry``. Please refer to https://mariadb.com/kb/en/innodb-data-dictionary-troubleshooting/ for how to resolve the issue.
2024-04-12 19:32:03 0 [Warning] InnoDB: Ignoring tablespace for `mysql`.`transaction_registry` because it could not be opened.
2024-04-12 19:32:03 0 [ERROR] InnoDB: Operating system error number 3 in a file operation.
2024-04-12 19:32:03 0 [ERROR] InnoDB: The error means the system cannot find the path specified.
2024-04-12 19:32:03 0 [ERROR] InnoDB: If you are installing InnoDB, remember that you must create directories yourself, InnoDB does not create them.
2024-04-12 19:32:03 0 [ERROR] InnoDB: Cannot open datafile for read-only: '.\phpmyadmin\pma__bookmark.ibd' OS error: 203
2024-04-12 19:32:03 0 [ERROR] InnoDB: Operating system error number 203 in a file operation.
2024-04-12 19:32:03 0 [Note] InnoDB: Some operating system error numbers are described at https://mariadb.com/kb/en/library/operating-system-error-codes/
2024-04-12 19:32:03 0 [ERROR] InnoDB: Could not find a valid tablespace file for ``phpmyadmin`.`pma__bookmark``. Please refer to https://mariadb.com/kb/en/innodb-data-dictionary-troubleshooting/ for how to resolve the issue.
2024-04-12 19:32:03 0 [Warning] InnoDB: Ignoring tablespace for `phpmyadmin`.`pma__bookmark` because it could not be opened.
2024-04-12 19:32:03 0 [ERROR] InnoDB: Operating system error number 3 in a file operation.
2024-04-12 19:32:03 0 [ERROR] InnoDB: The error means the system cannot find the path specified.
2024-04-12 19:32:03 0 [ERROR] InnoDB: If you are installing InnoDB, remember that you must create directories yourself, InnoDB does not create them.
2024-04-12 19:32:03 0 [ERROR] InnoDB: Cannot open datafile for read-only: '.\phpmyadmin\pma__central_columns.ibd' OS error: 203
2024-04-12 19:32:03 0 [ERROR] InnoDB: Operating system error number 203 in a file operation.
2024-04-12 19:32:03 0 [Note] InnoDB: Some operating system error numbers are described at https://mariadb.com/kb/en/library/operating-system-error-codes/
2024-04-12 19:32:03 0 [ERROR] InnoDB: Could not find a valid tablespace file for ``phpmyadmin`.`pma__central_columns``. Please refer to https://mariadb.com/kb/en/innodb-data-dictionary-troubleshooting/ for how to resolve the issue.
2024-04-12 19:32:03 0 [Warning] InnoDB: Ignoring tablespace for `phpmyadmin`.`pma__central_columns` because it could not be opened.
2024-04-12 19:32:03 0 [ERROR] InnoDB: Operating system error number 3 in a file operation.
2024-04-12 19:32:03 0 [ERROR] InnoDB: The error means the system cannot find the path specified.
2024-04-12 19:32:03 0 [ERROR] InnoDB: If you are installing InnoDB, remember that you must create directories yourself, InnoDB does not create them.
2024-04-12 19:32:03 0 [ERROR] InnoDB: Cannot open datafile for read-only: '.\phpmyadmin\pma__column_info.ibd' OS error: 203
2024-04-12 19:32:03 0 [ERROR] InnoDB: Operating system error number 203 in a file operation.
2024-04-12 19:32:03 0 [Note] InnoDB: Some operating system error numbers are described at https://mariadb.com/kb/en/library/operating-system-error-codes/
2024-04-12 19:32:03 0 [ERROR] InnoDB: Could not find a valid tablespace file for ``phpmyadmin`.`pma__column_info``. Please refer to https://mariadb.com/kb/en/innodb-data-dictionary-troubleshooting/ for how to resolve the issue.
2024-04-12 19:32:03 0 [Warning] InnoDB: Ignoring tablespace for `phpmyadmin`.`pma__column_info` because it could not be opened.
2024-04-12 19:32:03 0 [ERROR] InnoDB: Operating system error number 3 in a file operation.
2024-04-12 19:32:03 0 [ERROR] InnoDB: The error means the system cannot find the path specified.
2024-04-12 19:32:03 0 [ERROR] InnoDB: If you are installing InnoDB, remember that you must create directories yourself, InnoDB does not create them.
2024-04-12 19:32:03 0 [ERROR] InnoDB: Cannot open datafile for read-only: '.\phpmyadmin\pma__designer_settings.ibd' OS error: 203
2024-04-12 19:32:03 0 [ERROR] InnoDB: Operating system error number 203 in a file operation.
2024-04-12 19:32:03 0 [Note] InnoDB: Some operating system error numbers are described at https://mariadb.com/kb/en/library/operating-system-error-codes/
2024-04-12 19:32:03 0 [ERROR] InnoDB: Could not find a valid tablespace file for ``phpmyadmin`.`pma__designer_settings``. Please refer to https://mariadb.com/kb/en/innodb-data-dictionary-troubleshooting/ for how to resolve the issue.
2024-04-12 19:32:03 0 [Warning] InnoDB: Ignoring tablespace for `phpmyadmin`.`pma__designer_settings` because it could not be opened.
2024-04-12 19:32:03 0 [ERROR] InnoDB: Operating system error number 3 in a file operation.
2024-04-12 19:32:03 0 [ERROR] InnoDB: The error means the system cannot find the path specified.
2024-04-12 19:32:03 0 [ERROR] InnoDB: If you are installing InnoDB, remember that you must create directories yourself, InnoDB does not create them.
2024-04-12 19:32:03 0 [ERROR] InnoDB: Cannot open datafile for read-only: '.\phpmyadmin\pma__export_templates.ibd' OS error: 203
2024-04-12 19:32:03 0 [ERROR] InnoDB: Operating system error number 203 in a file operation.
2024-04-12 19:32:03 0 [Note] InnoDB: Some operating system error numbers are described at https://mariadb.com/kb/en/library/operating-system-error-codes/
2024-04-12 19:32:03 0 [ERROR] InnoDB: Could not find a valid tablespace file for ``phpmyadmin`.`pma__export_templates``. Please refer to https://mariadb.com/kb/en/innodb-data-dictionary-troubleshooting/ for how to resolve the issue.
2024-04-12 19:32:03 0 [Warning] InnoDB: Ignoring tablespace for `phpmyadmin`.`pma__export_templates` because it could not be opened.
2024-04-12 19:32:03 0 [ERROR] InnoDB: Operating system error number 3 in a file operation.
2024-04-12 19:32:03 0 [ERROR] InnoDB: The error means the system cannot find the path specified.
2024-04-12 19:32:03 0 [ERROR] InnoDB: If you are installing InnoDB, remember that you must create directories yourself, InnoDB does not create them.
2024-04-12 19:32:03 0 [ERROR] InnoDB: Cannot open datafile for read-only: '.\phpmyadmin\pma__favorite.ibd' OS error: 203
2024-04-12 19:32:03 0 [ERROR] InnoDB: Operating system error number 203 in a file operation.
2024-04-12 19:32:03 0 [Note] InnoDB: Some operating system error numbers are described at https://mariadb.com/kb/en/library/operating-system-error-codes/
2024-04-12 19:32:03 0 [ERROR] InnoDB: Could not find a valid tablespace file for ``phpmyadmin`.`pma__favorite``. Please refer to https://mariadb.com/kb/en/innodb-data-dictionary-troubleshooting/ for how to resolve the issue.
2024-04-12 19:32:03 0 [Warning] InnoDB: Ignoring tablespace for `phpmyadmin`.`pma__favorite` because it could not be opened.
2024-04-12 19:32:03 0 [ERROR] InnoDB: Operating system error number 3 in a file operation.
2024-04-12 19:32:03 0 [ERROR] InnoDB: The error means the system cannot find the path specified.
2024-04-12 19:32:03 0 [ERROR] InnoDB: If you are installing InnoDB, remember that you must create directories yourself, InnoDB does not create them.
2024-04-12 19:32:03 0 [ERROR] InnoDB: Cannot open datafile for read-only: '.\phpmyadmin\pma__history.ibd' OS error: 203
2024-04-12 19:32:03 0 [ERROR] InnoDB: Operating system error number 203 in a file operation.
2024-04-12 19:32:03 0 [Note] InnoDB: Some operating system error numbers are described at https://mariadb.com/kb/en/library/operating-system-error-codes/
2024-04-12 19:32:03 0 [ERROR] InnoDB: Could not find a valid tablespace file for ``phpmyadmin`.`pma__history``. Please refer to https://mariadb.com/kb/en/innodb-data-dictionary-troubleshooting/ for how to resolve the issue.
2024-04-12 19:32:03 0 [Warning] InnoDB: Ignoring tablespace for `phpmyadmin`.`pma__history` because it could not be opened.
2024-04-12 19:32:03 0 [ERROR] InnoDB: Operating system error number 3 in a file operation.
2024-04-12 19:32:03 0 [ERROR] InnoDB: The error means the system cannot find the path specified.
2024-04-12 19:32:03 0 [ERROR] InnoDB: If you are installing InnoDB, remember that you must create directories yourself, InnoDB does not create them.
2024-04-12 19:32:03 0 [ERROR] InnoDB: Cannot open datafile for read-only: '.\phpmyadmin\pma__navigationhiding.ibd' OS error: 203
2024-04-12 19:32:03 0 [ERROR] InnoDB: Operating system error number 203 in a file operation.
2024-04-12 19:32:03 0 [Note] InnoDB: Some operating system error numbers are described at https://mariadb.com/kb/en/library/operating-system-error-codes/
2024-04-12 19:32:03 0 [ERROR] InnoDB: Could not find a valid tablespace file for ``phpmyadmin`.`pma__navigationhiding``. Please refer to https://mariadb.com/kb/en/innodb-data-dictionary-troubleshooting/ for how to resolve the issue.
2024-04-12 19:32:03 0 [Warning] InnoDB: Ignoring tablespace for `phpmyadmin`.`pma__navigationhiding` because it could not be opened.
2024-04-12 19:32:03 0 [ERROR] InnoDB: Operating system error number 3 in a file operation.
2024-04-12 19:32:03 0 [ERROR] InnoDB: The error means the system cannot find the path specified.
2024-04-12 19:32:03 0 [ERROR] InnoDB: If you are installing InnoDB, remember that you must create directories yourself, InnoDB does not create them.
2024-04-12 19:32:03 0 [ERROR] InnoDB: Cannot open datafile for read-only: '.\phpmyadmin\pma__pdf_pages.ibd' OS error: 203
2024-04-12 19:32:03 0 [ERROR] InnoDB: Operating system error number 203 in a file operation.
2024-04-12 19:32:03 0 [Note] InnoDB: Some operating system error numbers are described at https://mariadb.com/kb/en/library/operating-system-error-codes/
2024-04-12 19:32:03 0 [ERROR] InnoDB: Could not find a valid tablespace file for ``phpmyadmin`.`pma__pdf_pages``. Please refer to https://mariadb.com/kb/en/innodb-data-dictionary-troubleshooting/ for how to resolve the issue.
2024-04-12 19:32:03 0 [Warning] InnoDB: Ignoring tablespace for `phpmyadmin`.`pma__pdf_pages` because it could not be opened.
2024-04-12 19:32:03 0 [ERROR] InnoDB: Operating system error number 3 in a file operation.
2024-04-12 19:32:03 0 [ERROR] InnoDB: The error means the system cannot find the path specified.
2024-04-12 19:32:03 0 [ERROR] InnoDB: If you are installing InnoDB, remember that you must create directories yourself, InnoDB does not create them.
2024-04-12 19:32:03 0 [ERROR] InnoDB: Cannot open datafile for read-only: '.\phpmyadmin\pma__recent.ibd' OS error: 203
2024-04-12 19:32:03 0 [ERROR] InnoDB: Operating system error number 203 in a file operation.
2024-04-12 19:32:03 0 [Note] InnoDB: Some operating system error numbers are described at https://mariadb.com/kb/en/library/operating-system-error-codes/
2024-04-12 19:32:03 0 [ERROR] InnoDB: Could not find a valid tablespace file for ``phpmyadmin`.`pma__recent``. Please refer to https://mariadb.com/kb/en/innodb-data-dictionary-troubleshooting/ for how to resolve the issue.
2024-04-12 19:32:03 0 [Warning] InnoDB: Ignoring tablespace for `phpmyadmin`.`pma__recent` because it could not be opened.
2024-04-12 19:32:03 0 [ERROR] InnoDB: Operating system error number 3 in a file operation.
2024-04-12 19:32:03 0 [ERROR] InnoDB: The error means the system cannot find the path specified.
2024-04-12 19:32:03 0 [ERROR] InnoDB: If you are installing InnoDB, remember that you must create directories yourself, InnoDB does not create them.
2024-04-12 19:32:03 0 [ERROR] InnoDB: Cannot open datafile for read-only: '.\phpmyadmin\pma__relation.ibd' OS error: 203
2024-04-12 19:32:03 0 [ERROR] InnoDB: Operating system error number 203 in a file operation.
2024-04-12 19:32:03 0 [Note] InnoDB: Some operating system error numbers are described at https://mariadb.com/kb/en/library/operating-system-error-codes/
2024-04-12 19:32:03 0 [ERROR] InnoDB: Could not find a valid tablespace file for ``phpmyadmin`.`pma__relation``. Please refer to https://mariadb.com/kb/en/innodb-data-dictionary-troubleshooting/ for how to resolve the issue.
2024-04-12 19:32:03 0 [Warning] InnoDB: Ignoring tablespace for `phpmyadmin`.`pma__relation` because it could not be opened.
2024-04-12 19:32:03 0 [ERROR] InnoDB: Operating system error number 3 in a file operation.
2024-04-12 19:32:03 0 [ERROR] InnoDB: The error means the system cannot find the path specified.
2024-04-12 19:32:03 0 [ERROR] InnoDB: If you are installing InnoDB, remember that you must create directories yourself, InnoDB does not create them.
2024-04-12 19:32:03 0 [ERROR] InnoDB: Cannot open datafile for read-only: '.\phpmyadmin\pma__savedsearches.ibd' OS error: 203
2024-04-12 19:32:03 0 [ERROR] InnoDB: Operating system error number 203 in a file operation.
2024-04-12 19:32:03 0 [Note] InnoDB: Some operating system error numbers are described at https://mariadb.com/kb/en/library/operating-system-error-codes/
2024-04-12 19:32:03 0 [ERROR] InnoDB: Could not find a valid tablespace file for ``phpmyadmin`.`pma__savedsearches``. Please refer to https://mariadb.com/kb/en/innodb-data-dictionary-troubleshooting/ for how to resolve the issue.
2024-04-12 19:32:03 0 [Warning] InnoDB: Ignoring tablespace for `phpmyadmin`.`pma__savedsearches` because it could not be opened.
2024-04-12 19:32:03 0 [ERROR] InnoDB: Operating system error number 3 in a file operation.
2024-04-12 19:32:03 0 [ERROR] InnoDB: The error means the system cannot find the path specified.
2024-04-12 19:32:03 0 [ERROR] InnoDB: If you are installing InnoDB, remember that you must create directories yourself, InnoDB does not create them.
2024-04-12 19:32:03 0 [ERROR] InnoDB: Cannot open datafile for read-only: '.\phpmyadmin\pma__table_coords.ibd' OS error: 203
2024-04-12 19:32:03 0 [ERROR] InnoDB: Operating system error number 203 in a file operation.
2024-04-12 19:32:03 0 [Note] InnoDB: Some operating system error numbers are described at https://mariadb.com/kb/en/library/operating-system-error-codes/
2024-04-12 19:32:03 0 [ERROR] InnoDB: Could not find a valid tablespace file for ``phpmyadmin`.`pma__table_coords``. Please refer to https://mariadb.com/kb/en/innodb-data-dictionary-troubleshooting/ for how to resolve the issue.
2024-04-12 19:32:03 0 [Warning] InnoDB: Ignoring tablespace for `phpmyadmin`.`pma__table_coords` because it could not be opened.
2024-04-12 19:32:03 0 [ERROR] InnoDB: Operating system error number 3 in a file operation.
2024-04-12 19:32:03 0 [ERROR] InnoDB: The error means the system cannot find the path specified.
2024-04-12 19:32:03 0 [ERROR] InnoDB: If you are installing InnoDB, remember that you must create directories yourself, InnoDB does not create them.
2024-04-12 19:32:03 0 [ERROR] InnoDB: Cannot open datafile for read-only: '.\phpmyadmin\pma__table_info.ibd' OS error: 203
2024-04-12 19:32:03 0 [ERROR] InnoDB: Operating system error number 203 in a file operation.
2024-04-12 19:32:03 0 [Note] InnoDB: Some operating system error numbers are described at https://mariadb.com/kb/en/library/operating-system-error-codes/
2024-04-12 19:32:03 0 [ERROR] InnoDB: Could not find a valid tablespace file for ``phpmyadmin`.`pma__table_info``. Please refer to https://mariadb.com/kb/en/innodb-data-dictionary-troubleshooting/ for how to resolve the issue.
2024-04-12 19:32:03 0 [Warning] InnoDB: Ignoring tablespace for `phpmyadmin`.`pma__table_info` because it could not be opened.
2024-04-12 19:32:03 0 [ERROR] InnoDB: Operating system error number 3 in a file operation.
2024-04-12 19:32:03 0 [ERROR] InnoDB: The error means the system cannot find the path specified.
2024-04-12 19:32:03 0 [ERROR] InnoDB: If you are installing InnoDB, remember that you must create directories yourself, InnoDB does not create them.
2024-04-12 19:32:03 0 [ERROR] InnoDB: Cannot open datafile for read-only: '.\phpmyadmin\pma__table_uiprefs.ibd' OS error: 203
2024-04-12 19:32:03 0 [ERROR] InnoDB: Operating system error number 203 in a file operation.
2024-04-12 19:32:03 0 [Note] InnoDB: Some operating system error numbers are described at https://mariadb.com/kb/en/library/operating-system-error-codes/
2024-04-12 19:32:03 0 [ERROR] InnoDB: Could not find a valid tablespace file for ``phpmyadmin`.`pma__table_uiprefs``. Please refer to https://mariadb.com/kb/en/innodb-data-dictionary-troubleshooting/ for how to resolve the issue.
2024-04-12 19:32:03 0 [Warning] InnoDB: Ignoring tablespace for `phpmyadmin`.`pma__table_uiprefs` because it could not be opened.
2024-04-12 19:32:03 0 [ERROR] InnoDB: Operating system error number 3 in a file operation.
2024-04-12 19:32:03 0 [ERROR] InnoDB: The error means the system cannot find the path specified.
2024-04-12 19:32:03 0 [ERROR] InnoDB: If you are installing InnoDB, remember that you must create directories yourself, InnoDB does not create them.
2024-04-12 19:32:03 0 [ERROR] InnoDB: Cannot open datafile for read-only: '.\phpmyadmin\pma__tracking.ibd' OS error: 203
2024-04-12 19:32:03 0 [ERROR] InnoDB: Operating system error number 203 in a file operation.
2024-04-12 19:32:03 0 [Note] InnoDB: Some operating system error numbers are described at https://mariadb.com/kb/en/library/operating-system-error-codes/
2024-04-12 19:32:03 0 [ERROR] InnoDB: Could not find a valid tablespace file for ``phpmyadmin`.`pma__tracking``. Please refer to https://mariadb.com/kb/en/innodb-data-dictionary-troubleshooting/ for how to resolve the issue.
2024-04-12 19:32:03 0 [Warning] InnoDB: Ignoring tablespace for `phpmyadmin`.`pma__tracking` because it could not be opened.
2024-04-12 19:32:03 0 [ERROR] InnoDB: Operating system error number 3 in a file operation.
2024-04-12 19:32:03 0 [ERROR] InnoDB: The error means the system cannot find the path specified.
2024-04-12 19:32:03 0 [ERROR] InnoDB: If you are installing InnoDB, remember that you must create directories yourself, InnoDB does not create them.
2024-04-12 19:32:03 0 [ERROR] InnoDB: Cannot open datafile for read-only: '.\phpmyadmin\pma__userconfig.ibd' OS error: 203
2024-04-12 19:32:03 0 [ERROR] InnoDB: Operating system error number 203 in a file operation.
2024-04-12 19:32:03 0 [Note] InnoDB: Some operating system error numbers are described at https://mariadb.com/kb/en/library/operating-system-error-codes/
2024-04-12 19:32:03 0 [ERROR] InnoDB: Could not find a valid tablespace file for ``phpmyadmin`.`pma__userconfig``. Please refer to https://mariadb.com/kb/en/innodb-data-dictionary-troubleshooting/ for how to resolve the issue.
2024-04-12 19:32:03 0 [Warning] InnoDB: Ignoring tablespace for `phpmyadmin`.`pma__userconfig` because it could not be opened.
2024-04-12 19:32:03 0 [ERROR] InnoDB: Operating system error number 3 in a file operation.
2024-04-12 19:32:03 0 [ERROR] InnoDB: The error means the system cannot find the path specified.
2024-04-12 19:32:03 0 [ERROR] InnoDB: If you are installing InnoDB, remember that you must create directories yourself, InnoDB does not create them.
2024-04-12 19:32:03 0 [ERROR] InnoDB: Cannot open datafile for read-only: '.\phpmyadmin\pma__usergroups.ibd' OS error: 203
2024-04-12 19:32:03 0 [ERROR] InnoDB: Operating system error number 203 in a file operation.
2024-04-12 19:32:03 0 [Note] InnoDB: Some operating system error numbers are described at https://mariadb.com/kb/en/library/operating-system-error-codes/
2024-04-12 19:32:03 0 [ERROR] InnoDB: Could not find a valid tablespace file for ``phpmyadmin`.`pma__usergroups``. Please refer to https://mariadb.com/kb/en/innodb-data-dictionary-troubleshooting/ for how to resolve the issue.
2024-04-12 19:32:03 0 [Warning] InnoDB: Ignoring tablespace for `phpmyadmin`.`pma__usergroups` because it could not be opened.
2024-04-12 19:32:03 0 [ERROR] InnoDB: Operating system error number 3 in a file operation.
2024-04-12 19:32:03 0 [ERROR] InnoDB: The error means the system cannot find the path specified.
2024-04-12 19:32:03 0 [ERROR] InnoDB: If you are installing InnoDB, remember that you must create directories yourself, InnoDB does not create them.
2024-04-12 19:32:03 0 [ERROR] InnoDB: Cannot open datafile for read-only: '.\phpmyadmin\pma__users.ibd' OS error: 203
2024-04-12 19:32:03 0 [ERROR] InnoDB: Operating system error number 203 in a file operation.
2024-04-12 19:32:03 0 [Note] InnoDB: Some operating system error numbers are described at https://mariadb.com/kb/en/library/operating-system-error-codes/
2024-04-12 19:32:03 0 [ERROR] InnoDB: Could not find a valid tablespace file for ``phpmyadmin`.`pma__users``. Please refer to https://mariadb.com/kb/en/innodb-data-dictionary-troubleshooting/ for how to resolve the issue.
2024-04-12 19:32:03 0 [Warning] InnoDB: Ignoring tablespace for `phpmyadmin`.`pma__users` because it could not be opened.
2024-04-12 19:32:03 0 [ERROR] InnoDB: Operating system error number 3 in a file operation.
2024-04-12 19:32:03 0 [ERROR] InnoDB: The error means the system cannot find the path specified.
2024-04-12 19:32:03 0 [ERROR] InnoDB: If you are installing InnoDB, remember that you must create directories yourself, InnoDB does not create them.
2024-04-12 19:32:03 0 [ERROR] InnoDB: Cannot open datafile for read-only: '.\sign@0020in@0020sync\employee.ibd' OS error: 203
2024-04-12 19:32:03 0 [ERROR] InnoDB: Operating system error number 203 in a file operation.
2024-04-12 19:32:03 0 [Note] InnoDB: Some operating system error numbers are described at https://mariadb.com/kb/en/library/operating-system-error-codes/
2024-04-12 19:32:03 0 [ERROR] InnoDB: Could not find a valid tablespace file for ``sign in sync`.`employee``. Please refer to https://mariadb.com/kb/en/innodb-data-dictionary-troubleshooting/ for how to resolve the issue.
2024-04-12 19:32:03 0 [Warning] InnoDB: Ignoring tablespace for `sign in sync`.`employee` because it could not be opened.
2024-04-12 19:32:03 0 [ERROR] InnoDB: Operating system error number 3 in a file operation.
2024-04-12 19:32:03 0 [ERROR] InnoDB: The error means the system cannot find the path specified.
2024-04-12 19:32:03 0 [ERROR] InnoDB: If you are installing InnoDB, remember that you must create directories yourself, InnoDB does not create them.
2024-04-12 19:32:03 0 [ERROR] InnoDB: Cannot open datafile for read-only: '.\sign@0020in@0020sync\shift.ibd' OS error: 203
2024-04-12 19:32:03 0 [ERROR] InnoDB: Operating system error number 203 in a file operation.
2024-04-12 19:32:03 0 [Note] InnoDB: Some operating system error numbers are described at https://mariadb.com/kb/en/library/operating-system-error-codes/
2024-04-12 19:32:03 0 [ERROR] InnoDB: Could not find a valid tablespace file for ``sign in sync`.`shift``. Please refer to https://mariadb.com/kb/en/innodb-data-dictionary-troubleshooting/ for how to resolve the issue.
2024-04-12 19:32:03 0 [Warning] InnoDB: Ignoring tablespace for `sign in sync`.`shift` because it could not be opened.
2024-04-12 19:32:03 0 [ERROR] InnoDB: Operating system error number 3 in a file operation.
2024-04-12 19:32:03 0 [ERROR] InnoDB: The error means the system cannot find the path specified.
2024-04-12 19:32:03 0 [ERROR] InnoDB: If you are installing InnoDB, remember that you must create directories yourself, InnoDB does not create them.
2024-04-12 19:32:03 0 [ERROR] InnoDB: Cannot open datafile for read-only: '.\sign@0020in@0020sync\task.ibd' OS error: 203
2024-04-12 19:32:03 0 [ERROR] InnoDB: Operating system error number 203 in a file operation.
2024-04-12 19:32:03 0 [Note] InnoDB: Some operating system error numbers are described at https://mariadb.com/kb/en/library/operating-system-error-codes/
2024-04-12 19:32:03 0 [ERROR] InnoDB: Could not find a valid tablespace file for ``sign in sync`.`task``. Please refer to https://mariadb.com/kb/en/innodb-data-dictionary-troubleshooting/ for how to resolve the issue.
2024-04-12 19:32:03 0 [Warning] InnoDB: Ignoring tablespace for `sign in sync`.`task` because it could not be opened.
2024-04-12 19:32:03 0 [ERROR] InnoDB: Operating system error number 3 in a file operation.
2024-04-12 19:32:03 0 [ERROR] InnoDB: The error means the system cannot find the path specified.
2024-04-12 19:32:03 0 [ERROR] InnoDB: If you are installing InnoDB, remember that you must create directories yourself, InnoDB does not create them.
2024-04-12 19:32:03 0 [ERROR] InnoDB: Cannot open datafile for read-only: '.\sign@0020in@0020sync\testtask.ibd' OS error: 203
2024-04-12 19:32:03 0 [ERROR] InnoDB: Operating system error number 203 in a file operation.
2024-04-12 19:32:03 0 [Note] InnoDB: Some operating system error numbers are described at https://mariadb.com/kb/en/library/operating-system-error-codes/
2024-04-12 19:32:03 0 [ERROR] InnoDB: Could not find a valid tablespace file for ``sign in sync`.`testtask``. Please refer to https://mariadb.com/kb/en/innodb-data-dictionary-troubleshooting/ for how to resolve the issue.
2024-04-12 19:32:03 0 [Warning] InnoDB: Ignoring tablespace for `sign in sync`.`testtask` because it could not be opened.
2024-04-12 19:32:03 0 [Note] InnoDB: 128 out of 128 rollback segments are active.
2024-04-12 19:32:03 0 [Note] InnoDB: Removed temporary tablespace data file: "ibtmp1"
2024-04-12 19:32:03 0 [Note] InnoDB: Creating shared tablespace for temporary tables
2024-04-12 19:32:03 0 [Note] InnoDB: Setting file 'P:\xampp\mysql\data\ibtmp1' size to 12 MB. Physically writing the file full; Please wait ...
2024-04-12 19:32:03 0 [Note] InnoDB: File 'P:\xampp\mysql\data\ibtmp1' size is now 12 MB.
2024-04-12 19:32:03 0 [Note] InnoDB: Waiting for purge to start
2024-04-12 19:32:03 3 [ERROR] InnoDB: Operating system error number 3 in a file operation.
2024-04-12 19:32:03 3 [ERROR] InnoDB: The error means the system cannot find the path specified.
2024-04-12 19:32:03 3 [ERROR] InnoDB: If you are installing InnoDB, remember that you must create directories yourself, InnoDB does not create them.
2024-04-12 19:32:03 3 [ERROR] InnoDB: Cannot open datafile for read-only: '.\phpmyadmin\pma__userconfig.ibd' OS error: 203
2024-04-12 19:32:03 3 [ERROR] InnoDB: Operating system error number 203 in a file operation.
2024-04-12 19:32:03 3 [Note] InnoDB: Some operating system error numbers are described at https://mariadb.com/kb/en/library/operating-system-error-codes/
2024-04-12 19:32:03 3 [ERROR] InnoDB: Could not find a valid tablespace file for ``phpmyadmin`.`pma__userconfig``. Please refer to https://mariadb.com/kb/en/innodb-data-dictionary-troubleshooting/ for how to resolve the issue.
2024-04-12 19:32:03 0 [Note] InnoDB: 10.4.32 started; log sequence number 569282; transaction id 939
2024-04-12 19:32:03 0 [Note] InnoDB: Loading buffer pool(s) from P:\xampp\mysql\data\ib_buffer_pool
2024-04-12 19:32:03 0 [Note] Plugin 'FEEDBACK' is disabled.
2024-04-12 19:32:03 0 [Note] InnoDB: Buffer pool(s) load completed at 240412 19:32:03
2024-04-12 19:32:03 0 [ERROR] Could not open mysql.plugin table. Some plugins may be not loaded
2024-04-12 19:32:03 0 [ERROR] Can't open and lock privilege tables: Table 'mysql.servers' doesn't exist
2024-04-12 19:32:03 0 [Note] Server socket created on IP: '::'.
2024-04-12 19:34:07 0 [Note] Starting MariaDB 10.4.32-MariaDB source revision c4143f909528e3fab0677a28631d10389354c491 as process 12496
2024-04-12 19:34:07 0 [Note] InnoDB: Mutexes and rw_locks use Windows interlocked functions
2024-04-12 19:34:07 0 [Note] InnoDB: Uses event mutexes
2024-04-12 19:34:07 0 [Note] InnoDB: Compressed tables use zlib 1.3
2024-04-12 19:34:07 0 [Note] InnoDB: Number of pools: 1
2024-04-12 19:34:07 0 [Note] InnoDB: Using SSE2 crc32 instructions
2024-04-12 19:34:07 0 [Note] InnoDB: Initializing buffer pool, total size = 16M, instances = 1, chunk size = 16M
2024-04-12 19:34:07 0 [Note] InnoDB: Completed initialization of buffer pool
2024-04-12 19:34:09 0 [ERROR] InnoDB: Operating system error number 3 in a file operation.
2024-04-12 19:34:09 0 [ERROR] InnoDB: The error means the system cannot find the path specified.
2024-04-12 19:34:09 0 [ERROR] InnoDB: If you are installing InnoDB, remember that you must create directories yourself, InnoDB does not create them.
2024-04-12 19:34:09 0 [ERROR] InnoDB: Cannot open datafile for read-only: '.\mysql\gtid_slave_pos.ibd' OS error: 203
2024-04-12 19:34:09 0 [ERROR] InnoDB: Operating system error number 203 in a file operation.
2024-04-12 19:34:09 0 [Note] InnoDB: Some operating system error numbers are described at https://mariadb.com/kb/en/library/operating-system-error-codes/
2024-04-12 19:34:09 0 [ERROR] InnoDB: Could not find a valid tablespace file for ``mysql`.`gtid_slave_pos``. Please refer to https://mariadb.com/kb/en/innodb-data-dictionary-troubleshooting/ for how to resolve the issue.
2024-04-12 19:34:09 0 [Warning] InnoDB: Ignoring tablespace for `mysql`.`gtid_slave_pos` because it could not be opened.
2024-04-12 19:34:09 0 [ERROR] InnoDB: Operating system error number 3 in a file operation.
2024-04-12 19:34:09 0 [ERROR] InnoDB: The error means the system cannot find the path specified.
2024-04-12 19:34:09 0 [ERROR] InnoDB: If you are installing InnoDB, remember that you must create directories yourself, InnoDB does not create them.
2024-04-12 19:34:09 0 [ERROR] InnoDB: Cannot open datafile for read-only: '.\mysql\innodb_index_stats.ibd' OS error: 203
2024-04-12 19:34:09 0 [ERROR] InnoDB: Operating system error number 203 in a file operation.
2024-04-12 19:34:09 0 [Note] InnoDB: Some operating system error numbers are described at https://mariadb.com/kb/en/library/operating-system-error-codes/
2024-04-12 19:34:09 0 [ERROR] InnoDB: Could not find a valid tablespace file for ``mysql`.`innodb_index_stats``. Please refer to https://mariadb.com/kb/en/innodb-data-dictionary-troubleshooting/ for how to resolve the issue.
2024-04-12 19:34:09 0 [Warning] InnoDB: Ignoring tablespace for `mysql`.`innodb_index_stats` because it could not be opened.
2024-04-12 19:34:09 0 [ERROR] InnoDB: Operating system error number 3 in a file operation.
2024-04-12 19:34:09 0 [ERROR] InnoDB: The error means the system cannot find the path specified.
2024-04-12 19:34:09 0 [ERROR] InnoDB: If you are installing InnoDB, remember that you must create directories yourself, InnoDB does not create them.
2024-04-12 19:34:09 0 [ERROR] InnoDB: Cannot open datafile for read-only: '.\mysql\innodb_table_stats.ibd' OS error: 203
2024-04-12 19:34:09 0 [ERROR] InnoDB: Operating system error number 203 in a file operation.
2024-04-12 19:34:09 0 [Note] InnoDB: Some operating system error numbers are described at https://mariadb.com/kb/en/library/operating-system-error-codes/
2024-04-12 19:34:09 0 [ERROR] InnoDB: Could not find a valid tablespace file for ``mysql`.`innodb_table_stats``. Please refer to https://mariadb.com/kb/en/innodb-data-dictionary-troubleshooting/ for how to resolve the issue.
2024-04-12 19:34:09 0 [Warning] InnoDB: Ignoring tablespace for `mysql`.`innodb_table_stats` because it could not be opened.
2024-04-12 19:34:09 0 [ERROR] InnoDB: Operating system error number 3 in a file operation.
2024-04-12 19:34:09 0 [ERROR] InnoDB: The error means the system cannot find the path specified.
2024-04-12 19:34:09 0 [ERROR] InnoDB: If you are installing InnoDB, remember that you must create directories yourself, InnoDB does not create them.
2024-04-12 19:34:09 0 [ERROR] InnoDB: Cannot open datafile for read-only: '.\mysql\transaction_registry.ibd' OS error: 203
2024-04-12 19:34:09 0 [ERROR] InnoDB: Operating system error number 203 in a file operation.
2024-04-12 19:34:09 0 [Note] InnoDB: Some operating system error numbers are described at https://mariadb.com/kb/en/library/operating-system-error-codes/
2024-04-12 19:34:09 0 [ERROR] InnoDB: Could not find a valid tablespace file for ``mysql`.`transaction_registry``. Please refer to https://mariadb.com/kb/en/innodb-data-dictionary-troubleshooting/ for how to resolve the issue.
2024-04-12 19:34:09 0 [Warning] InnoDB: Ignoring tablespace for `mysql`.`transaction_registry` because it could not be opened.
2024-04-12 19:34:09 0 [ERROR] InnoDB: Operating system error number 3 in a file operation.
2024-04-12 19:34:09 0 [ERROR] InnoDB: The error means the system cannot find the path specified.
2024-04-12 19:34:09 0 [ERROR] InnoDB: If you are installing InnoDB, remember that you must create directories yourself, InnoDB does not create them.
2024-04-12 19:34:09 0 [ERROR] InnoDB: Cannot open datafile for read-only: '.\phpmyadmin\pma__bookmark.ibd' OS error: 203
2024-04-12 19:34:09 0 [ERROR] InnoDB: Operating system error number 203 in a file operation.
2024-04-12 19:34:09 0 [Note] InnoDB: Some operating system error numbers are described at https://mariadb.com/kb/en/library/operating-system-error-codes/
2024-04-12 19:34:09 0 [ERROR] InnoDB: Could not find a valid tablespace file for ``phpmyadmin`.`pma__bookmark``. Please refer to https://mariadb.com/kb/en/innodb-data-dictionary-troubleshooting/ for how to resolve the issue.
2024-04-12 19:34:09 0 [Warning] InnoDB: Ignoring tablespace for `phpmyadmin`.`pma__bookmark` because it could not be opened.
2024-04-12 19:34:09 0 [ERROR] InnoDB: Operating system error number 3 in a file operation.
2024-04-12 19:34:09 0 [ERROR] InnoDB: The error means the system cannot find the path specified.
2024-04-12 19:34:09 0 [ERROR] InnoDB: If you are installing InnoDB, remember that you must create directories yourself, InnoDB does not create them.
2024-04-12 19:34:09 0 [ERROR] InnoDB: Cannot open datafile for read-only: '.\phpmyadmin\pma__central_columns.ibd' OS error: 203
2024-04-12 19:34:09 0 [ERROR] InnoDB: Operating system error number 203 in a file operation.
2024-04-12 19:34:09 0 [Note] InnoDB: Some operating system error numbers are described at https://mariadb.com/kb/en/library/operating-system-error-codes/
2024-04-12 19:34:09 0 [ERROR] InnoDB: Could not find a valid tablespace file for ``phpmyadmin`.`pma__central_columns``. Please refer to https://mariadb.com/kb/en/innodb-data-dictionary-troubleshooting/ for how to resolve the issue.
2024-04-12 19:34:09 0 [Warning] InnoDB: Ignoring tablespace for `phpmyadmin`.`pma__central_columns` because it could not be opened.
2024-04-12 19:34:09 0 [ERROR] InnoDB: Operating system error number 3 in a file operation.
2024-04-12 19:34:09 0 [ERROR] InnoDB: The error means the system cannot find the path specified.
2024-04-12 19:34:09 0 [ERROR] InnoDB: If you are installing InnoDB, remember that you must create directories yourself, InnoDB does not create them.
2024-04-12 19:34:09 0 [ERROR] InnoDB: Cannot open datafile for read-only: '.\phpmyadmin\pma__column_info.ibd' OS error: 203
2024-04-12 19:34:09 0 [ERROR] InnoDB: Operating system error number 203 in a file operation.
2024-04-12 19:34:09 0 [Note] InnoDB: Some operating system error numbers are described at https://mariadb.com/kb/en/library/operating-system-error-codes/
2024-04-12 19:34:09 0 [ERROR] InnoDB: Could not find a valid tablespace file for ``phpmyadmin`.`pma__column_info``. Please refer to https://mariadb.com/kb/en/innodb-data-dictionary-troubleshooting/ for how to resolve the issue.
2024-04-12 19:34:09 0 [Warning] InnoDB: Ignoring tablespace for `phpmyadmin`.`pma__column_info` because it could not be opened.
2024-04-12 19:34:09 0 [ERROR] InnoDB: Operating system error number 3 in a file operation.
2024-04-12 19:34:09 0 [ERROR] InnoDB: The error means the system cannot find the path specified.
2024-04-12 19:34:09 0 [ERROR] InnoDB: If you are installing InnoDB, remember that you must create directories yourself, InnoDB does not create them.
2024-04-12 19:34:09 0 [ERROR] InnoDB: Cannot open datafile for read-only: '.\phpmyadmin\pma__designer_settings.ibd' OS error: 203
2024-04-12 19:34:09 0 [ERROR] InnoDB: Operating system error number 203 in a file operation.
2024-04-12 19:34:09 0 [Note] InnoDB: Some operating system error numbers are described at https://mariadb.com/kb/en/library/operating-system-error-codes/
2024-04-12 19:34:09 0 [ERROR] InnoDB: Could not find a valid tablespace file for ``phpmyadmin`.`pma__designer_settings``. Please refer to https://mariadb.com/kb/en/innodb-data-dictionary-troubleshooting/ for how to resolve the issue.
2024-04-12 19:34:09 0 [Warning] InnoDB: Ignoring tablespace for `phpmyadmin`.`pma__designer_settings` because it could not be opened.
2024-04-12 19:34:09 0 [ERROR] InnoDB: Operating system error number 3 in a file operation.
2024-04-12 19:34:09 0 [ERROR] InnoDB: The error means the system cannot find the path specified.
2024-04-12 19:34:09 0 [ERROR] InnoDB: If you are installing InnoDB, remember that you must create directories yourself, InnoDB does not create them.
2024-04-12 19:34:09 0 [ERROR] InnoDB: Cannot open datafile for read-only: '.\phpmyadmin\pma__export_templates.ibd' OS error: 203
2024-04-12 19:34:09 0 [ERROR] InnoDB: Operating system error number 203 in a file operation.
2024-04-12 19:34:09 0 [Note] InnoDB: Some operating system error numbers are described at https://mariadb.com/kb/en/library/operating-system-error-codes/
2024-04-12 19:34:09 0 [ERROR] InnoDB: Could not find a valid tablespace file for ``phpmyadmin`.`pma__export_templates``. Please refer to https://mariadb.com/kb/en/innodb-data-dictionary-troubleshooting/ for how to resolve the issue.
2024-04-12 19:34:09 0 [Warning] InnoDB: Ignoring tablespace for `phpmyadmin`.`pma__export_templates` because it could not be opened.
2024-04-12 19:34:09 0 [ERROR] InnoDB: Operating system error number 3 in a file operation.
2024-04-12 19:34:09 0 [ERROR] InnoDB: The error means the system cannot find the path specified.
2024-04-12 19:34:09 0 [ERROR] InnoDB: If you are installing InnoDB, remember that you must create directories yourself, InnoDB does not create them.
2024-04-12 19:34:09 0 [ERROR] InnoDB: Cannot open datafile for read-only: '.\phpmyadmin\pma__favorite.ibd' OS error: 203
2024-04-12 19:34:09 0 [ERROR] InnoDB: Operating system error number 203 in a file operation.
2024-04-12 19:34:09 0 [Note] InnoDB: Some operating system error numbers are described at https://mariadb.com/kb/en/library/operating-system-error-codes/
2024-04-12 19:34:09 0 [ERROR] InnoDB: Could not find a valid tablespace file for ``phpmyadmin`.`pma__favorite``. Please refer to https://mariadb.com/kb/en/innodb-data-dictionary-troubleshooting/ for how to resolve the issue.
2024-04-12 19:34:09 0 [Warning] InnoDB: Ignoring tablespace for `phpmyadmin`.`pma__favorite` because it could not be opened.
2024-04-12 19:34:09 0 [ERROR] InnoDB: Operating system error number 3 in a file operation.
2024-04-12 19:34:09 0 [ERROR] InnoDB: The error means the system cannot find the path specified.
2024-04-12 19:34:09 0 [ERROR] InnoDB: If you are installing InnoDB, remember that you must create directories yourself, InnoDB does not create them.
2024-04-12 19:34:09 0 [ERROR] InnoDB: Cannot open datafile for read-only: '.\phpmyadmin\pma__history.ibd' OS error: 203
2024-04-12 19:34:09 0 [ERROR] InnoDB: Operating system error number 203 in a file operation.
2024-04-12 19:34:09 0 [Note] InnoDB: Some operating system error numbers are described at https://mariadb.com/kb/en/library/operating-system-error-codes/
2024-04-12 19:34:09 0 [ERROR] InnoDB: Could not find a valid tablespace file for ``phpmyadmin`.`pma__history``. Please refer to https://mariadb.com/kb/en/innodb-data-dictionary-troubleshooting/ for how to resolve the issue.
2024-04-12 19:34:09 0 [Warning] InnoDB: Ignoring tablespace for `phpmyadmin`.`pma__history` because it could not be opened.
2024-04-12 19:34:09 0 [ERROR] InnoDB: Operating system error number 3 in a file operation.
2024-04-12 19:34:09 0 [ERROR] InnoDB: The error means the system cannot find the path specified.
2024-04-12 19:34:09 0 [ERROR] InnoDB: If you are installing InnoDB, remember that you must create directories yourself, InnoDB does not create them.
2024-04-12 19:34:09 0 [ERROR] InnoDB: Cannot open datafile for read-only: '.\phpmyadmin\pma__navigationhiding.ibd' OS error: 203
2024-04-12 19:34:09 0 [ERROR] InnoDB: Operating system error number 203 in a file operation.
2024-04-12 19:34:09 0 [Note] InnoDB: Some operating system error numbers are described at https://mariadb.com/kb/en/library/operating-system-error-codes/
2024-04-12 19:34:09 0 [ERROR] InnoDB: Could not find a valid tablespace file for ``phpmyadmin`.`pma__navigationhiding``. Please refer to https://mariadb.com/kb/en/innodb-data-dictionary-troubleshooting/ for how to resolve the issue.
2024-04-12 19:34:09 0 [Warning] InnoDB: Ignoring tablespace for `phpmyadmin`.`pma__navigationhiding` because it could not be opened.
2024-04-12 19:34:09 0 [ERROR] InnoDB: Operating system error number 3 in a file operation.
2024-04-12 19:34:09 0 [ERROR] InnoDB: The error means the system cannot find the path specified.
2024-04-12 19:34:09 0 [ERROR] InnoDB: If you are installing InnoDB, remember that you must create directories yourself, InnoDB does not create them.
2024-04-12 19:34:09 0 [ERROR] InnoDB: Cannot open datafile for read-only: '.\phpmyadmin\pma__pdf_pages.ibd' OS error: 203
2024-04-12 19:34:09 0 [ERROR] InnoDB: Operating system error number 203 in a file operation.
2024-04-12 19:34:09 0 [Note] InnoDB: Some operating system error numbers are described at https://mariadb.com/kb/en/library/operating-system-error-codes/
2024-04-12 19:34:09 0 [ERROR] InnoDB: Could not find a valid tablespace file for ``phpmyadmin`.`pma__pdf_pages``. Please refer to https://mariadb.com/kb/en/innodb-data-dictionary-troubleshooting/ for how to resolve the issue.
2024-04-12 19:34:09 0 [Warning] InnoDB: Ignoring tablespace for `phpmyadmin`.`pma__pdf_pages` because it could not be opened.
2024-04-12 19:34:09 0 [ERROR] InnoDB: Operating system error number 3 in a file operation.
2024-04-12 19:34:09 0 [ERROR] InnoDB: The error means the system cannot find the path specified.
2024-04-12 19:34:09 0 [ERROR] InnoDB: If you are installing InnoDB, remember that you must create directories yourself, InnoDB does not create them.
2024-04-12 19:34:09 0 [ERROR] InnoDB: Cannot open datafile for read-only: '.\phpmyadmin\pma__recent.ibd' OS error: 203
2024-04-12 19:34:09 0 [ERROR] InnoDB: Operating system error number 203 in a file operation.
2024-04-12 19:34:09 0 [Note] InnoDB: Some operating system error numbers are described at https://mariadb.com/kb/en/library/operating-system-error-codes/
2024-04-12 19:34:09 0 [ERROR] InnoDB: Could not find a valid tablespace file for ``phpmyadmin`.`pma__recent``. Please refer to https://mariadb.com/kb/en/innodb-data-dictionary-troubleshooting/ for how to resolve the issue.
2024-04-12 19:34:09 0 [Warning] InnoDB: Ignoring tablespace for `phpmyadmin`.`pma__recent` because it could not be opened.
2024-04-12 19:34:09 0 [ERROR] InnoDB: Operating system error number 3 in a file operation.
2024-04-12 19:34:09 0 [ERROR] InnoDB: The error means the system cannot find the path specified.
2024-04-12 19:34:09 0 [ERROR] InnoDB: If you are installing InnoDB, remember that you must create directories yourself, InnoDB does not create them.
2024-04-12 19:34:09 0 [ERROR] InnoDB: Cannot open datafile for read-only: '.\phpmyadmin\pma__relation.ibd' OS error: 203
2024-04-12 19:34:09 0 [ERROR] InnoDB: Operating system error number 203 in a file operation.
2024-04-12 19:34:09 0 [Note] InnoDB: Some operating system error numbers are described at https://mariadb.com/kb/en/library/operating-system-error-codes/
2024-04-12 19:34:09 0 [ERROR] InnoDB: Could not find a valid tablespace file for ``phpmyadmin`.`pma__relation``. Please refer to https://mariadb.com/kb/en/innodb-data-dictionary-troubleshooting/ for how to resolve the issue.
2024-04-12 19:34:09 0 [Warning] InnoDB: Ignoring tablespace for `phpmyadmin`.`pma__relation` because it could not be opened.
2024-04-12 19:34:09 0 [ERROR] InnoDB: Operating system error number 3 in a file operation.
2024-04-12 19:34:09 0 [ERROR] InnoDB: The error means the system cannot find the path specified.
2024-04-12 19:34:09 0 [ERROR] InnoDB: If you are installing InnoDB, remember that you must create directories yourself, InnoDB does not create them.
2024-04-12 19:34:09 0 [ERROR] InnoDB: Cannot open datafile for read-only: '.\phpmyadmin\pma__savedsearches.ibd' OS error: 203
2024-04-12 19:34:09 0 [ERROR] InnoDB: Operating system error number 203 in a file operation.
2024-04-12 19:34:09 0 [Note] InnoDB: Some operating system error numbers are described at https://mariadb.com/kb/en/library/operating-system-error-codes/
2024-04-12 19:34:09 0 [ERROR] InnoDB: Could not find a valid tablespace file for ``phpmyadmin`.`pma__savedsearches``. Please refer to https://mariadb.com/kb/en/innodb-data-dictionary-troubleshooting/ for how to resolve the issue.
2024-04-12 19:34:09 0 [Warning] InnoDB: Ignoring tablespace for `phpmyadmin`.`pma__savedsearches` because it could not be opened.
2024-04-12 19:34:09 0 [ERROR] InnoDB: Operating system error number 3 in a file operation.
2024-04-12 19:34:09 0 [ERROR] InnoDB: The error means the system cannot find the path specified.
2024-04-12 19:34:09 0 [ERROR] InnoDB: If you are installing InnoDB, remember that you must create directories yourself, InnoDB does not create them.
2024-04-12 19:34:09 0 [ERROR] InnoDB: Cannot open datafile for read-only: '.\phpmyadmin\pma__table_coords.ibd' OS error: 203
2024-04-12 19:34:09 0 [ERROR] InnoDB: Operating system error number 203 in a file operation.
2024-04-12 19:34:09 0 [Note] InnoDB: Some operating system error numbers are described at https://mariadb.com/kb/en/library/operating-system-error-codes/
2024-04-12 19:34:09 0 [ERROR] InnoDB: Could not find a valid tablespace file for ``phpmyadmin`.`pma__table_coords``. Please refer to https://mariadb.com/kb/en/innodb-data-dictionary-troubleshooting/ for how to resolve the issue.
2024-04-12 19:34:09 0 [Warning] InnoDB: Ignoring tablespace for `phpmyadmin`.`pma__table_coords` because it could not be opened.
2024-04-12 19:34:09 0 [ERROR] InnoDB: Operating system error number 3 in a file operation.
2024-04-12 19:34:09 0 [ERROR] InnoDB: The error means the system cannot find the path specified.
2024-04-12 19:34:09 0 [ERROR] InnoDB: If you are installing InnoDB, remember that you must create directories yourself, InnoDB does not create them.
2024-04-12 19:34:09 0 [ERROR] InnoDB: Cannot open datafile for read-only: '.\phpmyadmin\pma__table_info.ibd' OS error: 203
2024-04-12 19:34:09 0 [ERROR] InnoDB: Operating system error number 203 in a file operation.
2024-04-12 19:34:09 0 [Note] InnoDB: Some operating system error numbers are described at https://mariadb.com/kb/en/library/operating-system-error-codes/
2024-04-12 19:34:09 0 [ERROR] InnoDB: Could not find a valid tablespace file for ``phpmyadmin`.`pma__table_info``. Please refer to https://mariadb.com/kb/en/innodb-data-dictionary-troubleshooting/ for how to resolve the issue.
2024-04-12 19:34:09 0 [Warning] InnoDB: Ignoring tablespace for `phpmyadmin`.`pma__table_info` because it could not be opened.
2024-04-12 19:34:09 0 [ERROR] InnoDB: Operating system error number 3 in a file operation.
2024-04-12 19:34:09 0 [ERROR] InnoDB: The error means the system cannot find the path specified.
2024-04-12 19:34:09 0 [ERROR] InnoDB: If you are installing InnoDB, remember that you must create directories yourself, InnoDB does not create them.
2024-04-12 19:34:09 0 [ERROR] InnoDB: Cannot open datafile for read-only: '.\phpmyadmin\pma__table_uiprefs.ibd' OS error: 203
2024-04-12 19:34:09 0 [ERROR] InnoDB: Operating system error number 203 in a file operation.
2024-04-12 19:34:09 0 [Note] InnoDB: Some operating system error numbers are described at https://mariadb.com/kb/en/library/operating-system-error-codes/
2024-04-12 19:34:09 0 [ERROR] InnoDB: Could not find a valid tablespace file for ``phpmyadmin`.`pma__table_uiprefs``. Please refer to https://mariadb.com/kb/en/innodb-data-dictionary-troubleshooting/ for how to resolve the issue.
2024-04-12 19:34:09 0 [Warning] InnoDB: Ignoring tablespace for `phpmyadmin`.`pma__table_uiprefs` because it could not be opened.
2024-04-12 19:34:09 0 [ERROR] InnoDB: Operating system error number 3 in a file operation.
2024-04-12 19:34:09 0 [ERROR] InnoDB: The error means the system cannot find the path specified.
2024-04-12 19:34:09 0 [ERROR] InnoDB: If you are installing InnoDB, remember that you must create directories yourself, InnoDB does not create them.
2024-04-12 19:34:09 0 [ERROR] InnoDB: Cannot open datafile for read-only: '.\phpmyadmin\pma__tracking.ibd' OS error: 203
2024-04-12 19:34:09 0 [ERROR] InnoDB: Operating system error number 203 in a file operation.
2024-04-12 19:34:09 0 [Note] InnoDB: Some operating system error numbers are described at https://mariadb.com/kb/en/library/operating-system-error-codes/
2024-04-12 19:34:09 0 [ERROR] InnoDB: Could not find a valid tablespace file for ``phpmyadmin`.`pma__tracking``. Please refer to https://mariadb.com/kb/en/innodb-data-dictionary-troubleshooting/ for how to resolve the issue.
2024-04-12 19:34:09 0 [Warning] InnoDB: Ignoring tablespace for `phpmyadmin`.`pma__tracking` because it could not be opened.
2024-04-12 19:34:09 0 [ERROR] InnoDB: Operating system error number 3 in a file operation.
2024-04-12 19:34:09 0 [ERROR] InnoDB: The error means the system cannot find the path specified.
2024-04-12 19:34:09 0 [ERROR] InnoDB: If you are installing InnoDB, remember that you must create directories yourself, InnoDB does not create them.
2024-04-12 19:34:09 0 [ERROR] InnoDB: Cannot open datafile for read-only: '.\phpmyadmin\pma__userconfig.ibd' OS error: 203
2024-04-12 19:34:09 0 [ERROR] InnoDB: Operating system error number 203 in a file operation.
2024-04-12 19:34:09 0 [Note] InnoDB: Some operating system error numbers are described at https://mariadb.com/kb/en/library/operating-system-error-codes/
2024-04-12 19:34:09 0 [ERROR] InnoDB: Could not find a valid tablespace file for ``phpmyadmin`.`pma__userconfig``. Please refer to https://mariadb.com/kb/en/innodb-data-dictionary-troubleshooting/ for how to resolve the issue.
2024-04-12 19:34:09 0 [Warning] InnoDB: Ignoring tablespace for `phpmyadmin`.`pma__userconfig` because it could not be opened.
2024-04-12 19:34:09 0 [ERROR] InnoDB: Operating system error number 3 in a file operation.
2024-04-12 19:34:09 0 [ERROR] InnoDB: The error means the system cannot find the path specified.
2024-04-12 19:34:09 0 [ERROR] InnoDB: If you are installing InnoDB, remember that you must create directories yourself, InnoDB does not create them.
2024-04-12 19:34:09 0 [ERROR] InnoDB: Cannot open datafile for read-only: '.\phpmyadmin\pma__usergroups.ibd' OS error: 203
2024-04-12 19:34:09 0 [ERROR] InnoDB: Operating system error number 203 in a file operation.
2024-04-12 19:34:09 0 [Note] InnoDB: Some operating system error numbers are described at https://mariadb.com/kb/en/library/operating-system-error-codes/
2024-04-12 19:34:09 0 [ERROR] InnoDB: Could not find a valid tablespace file for ``phpmyadmin`.`pma__usergroups``. Please refer to https://mariadb.com/kb/en/innodb-data-dictionary-troubleshooting/ for how to resolve the issue.
2024-04-12 19:34:09 0 [Warning] InnoDB: Ignoring tablespace for `phpmyadmin`.`pma__usergroups` because it could not be opened.
2024-04-12 19:34:09 0 [ERROR] InnoDB: Operating system error number 3 in a file operation.
2024-04-12 19:34:09 0 [ERROR] InnoDB: The error means the system cannot find the path specified.
2024-04-12 19:34:09 0 [ERROR] InnoDB: If you are installing InnoDB, remember that you must create directories yourself, InnoDB does not create them.
2024-04-12 19:34:09 0 [ERROR] InnoDB: Cannot open datafile for read-only: '.\phpmyadmin\pma__users.ibd' OS error: 203
2024-04-12 19:34:09 0 [ERROR] InnoDB: Operating system error number 203 in a file operation.
2024-04-12 19:34:09 0 [Note] InnoDB: Some operating system error numbers are described at https://mariadb.com/kb/en/library/operating-system-error-codes/
2024-04-12 19:34:09 0 [ERROR] InnoDB: Could not find a valid tablespace file for ``phpmyadmin`.`pma__users``. Please refer to https://mariadb.com/kb/en/innodb-data-dictionary-troubleshooting/ for how to resolve the issue.
2024-04-12 19:34:09 0 [Warning] InnoDB: Ignoring tablespace for `phpmyadmin`.`pma__users` because it could not be opened.
2024-04-12 19:34:09 0 [ERROR] InnoDB: Operating system error number 3 in a file operation.
2024-04-12 19:34:09 0 [ERROR] InnoDB: The error means the system cannot find the path specified.
2024-04-12 19:34:09 0 [ERROR] InnoDB: If you are installing InnoDB, remember that you must create directories yourself, InnoDB does not create them.
2024-04-12 19:34:09 0 [ERROR] InnoDB: Cannot open datafile for read-only: '.\sign@0020in@0020sync\employee.ibd' OS error: 203
2024-04-12 19:34:09 0 [ERROR] InnoDB: Operating system error number 203 in a file operation.
2024-04-12 19:34:09 0 [Note] InnoDB: Some operating system error numbers are described at https://mariadb.com/kb/en/library/operating-system-error-codes/
2024-04-12 19:34:09 0 [ERROR] InnoDB: Could not find a valid tablespace file for ``sign in sync`.`employee``. Please refer to https://mariadb.com/kb/en/innodb-data-dictionary-troubleshooting/ for how to resolve the issue.
2024-04-12 19:34:09 0 [Warning] InnoDB: Ignoring tablespace for `sign in sync`.`employee` because it could not be opened.
2024-04-12 19:34:09 0 [ERROR] InnoDB: Operating system error number 3 in a file operation.
2024-04-12 19:34:09 0 [ERROR] InnoDB: The error means the system cannot find the path specified.
2024-04-12 19:34:09 0 [ERROR] InnoDB: If you are installing InnoDB, remember that you must create directories yourself, InnoDB does not create them.
2024-04-12 19:34:09 0 [ERROR] InnoDB: Cannot open datafile for read-only: '.\sign@0020in@0020sync\shift.ibd' OS error: 203
2024-04-12 19:34:09 0 [ERROR] InnoDB: Operating system error number 203 in a file operation.
2024-04-12 19:34:09 0 [Note] InnoDB: Some operating system error numbers are described at https://mariadb.com/kb/en/library/operating-system-error-codes/
2024-04-12 19:34:09 0 [ERROR] InnoDB: Could not find a valid tablespace file for ``sign in sync`.`shift``. Please refer to https://mariadb.com/kb/en/innodb-data-dictionary-troubleshooting/ for how to resolve the issue.
2024-04-12 19:34:09 0 [Warning] InnoDB: Ignoring tablespace for `sign in sync`.`shift` because it could not be opened.
2024-04-12 19:34:09 0 [ERROR] InnoDB: Operating system error number 3 in a file operation.
2024-04-12 19:34:09 0 [ERROR] InnoDB: The error means the system cannot find the path specified.
2024-04-12 19:34:09 0 [ERROR] InnoDB: If you are installing InnoDB, remember that you must create directories yourself, InnoDB does not create them.
2024-04-12 19:34:09 0 [ERROR] InnoDB: Cannot open datafile for read-only: '.\sign@0020in@0020sync\task.ibd' OS error: 203
2024-04-12 19:34:09 0 [ERROR] InnoDB: Operating system error number 203 in a file operation.
2024-04-12 19:34:09 0 [Note] InnoDB: Some operating system error numbers are described at https://mariadb.com/kb/en/library/operating-system-error-codes/
2024-04-12 19:34:09 0 [ERROR] InnoDB: Could not find a valid tablespace file for ``sign in sync`.`task``. Please refer to https://mariadb.com/kb/en/innodb-data-dictionary-troubleshooting/ for how to resolve the issue.
2024-04-12 19:34:09 0 [Warning] InnoDB: Ignoring tablespace for `sign in sync`.`task` because it could not be opened.
2024-04-12 19:34:09 0 [ERROR] InnoDB: Operating system error number 3 in a file operation.
2024-04-12 19:34:09 0 [ERROR] InnoDB: The error means the system cannot find the path specified.
2024-04-12 19:34:09 0 [ERROR] InnoDB: If you are installing InnoDB, remember that you must create directories yourself, InnoDB does not create them.
2024-04-12 19:34:09 0 [ERROR] InnoDB: Cannot open datafile for read-only: '.\sign@0020in@0020sync\testtask.ibd' OS error: 203
2024-04-12 19:34:09 0 [ERROR] InnoDB: Operating system error number 203 in a file operation.
2024-04-12 19:34:09 0 [Note] InnoDB: Some operating system error numbers are described at https://mariadb.com/kb/en/library/operating-system-error-codes/
2024-04-12 19:34:09 0 [ERROR] InnoDB: Could not find a valid tablespace file for ``sign in sync`.`testtask``. Please refer to https://mariadb.com/kb/en/innodb-data-dictionary-troubleshooting/ for how to resolve the issue.
2024-04-12 19:34:09 0 [Warning] InnoDB: Ignoring tablespace for `sign in sync`.`testtask` because it could not be opened.
2024-04-12 19:34:09 0 [Note] InnoDB: 128 out of 128 rollback segments are active.
2024-04-12 19:34:09 0 [Note] InnoDB: Creating shared tablespace for temporary tables
2024-04-12 19:34:09 0 [Note] InnoDB: Setting file 'P:\xampp\mysql\data\ibtmp1' size to 12 MB. Physically writing the file full; Please wait ...
2024-04-12 19:34:09 0 [Note] InnoDB: File 'P:\xampp\mysql\data\ibtmp1' size is now 12 MB.
2024-04-12 19:34:09 0 [Note] InnoDB: Waiting for purge to start
2024-04-12 19:34:09 4 [ERROR] InnoDB: Operating system error number 3 in a file operation.
2024-04-12 19:34:09 4 [ERROR] InnoDB: The error means the system cannot find the path specified.
2024-04-12 19:34:09 4 [ERROR] InnoDB: If you are installing InnoDB, remember that you must create directories yourself, InnoDB does not create them.
2024-04-12 19:34:09 4 [ERROR] InnoDB: Cannot open datafile for read-only: '.\phpmyadmin\pma__userconfig.ibd' OS error: 203
2024-04-12 19:34:09 4 [ERROR] InnoDB: Operating system error number 203 in a file operation.
2024-04-12 19:34:09 4 [Note] InnoDB: Some operating system error numbers are described at https://mariadb.com/kb/en/library/operating-system-error-codes/
2024-04-12 19:34:09 4 [ERROR] InnoDB: Could not find a valid tablespace file for ``phpmyadmin`.`pma__userconfig``. Please refer to https://mariadb.com/kb/en/innodb-data-dictionary-troubleshooting/ for how to resolve the issue.
2024-04-12 19:34:09 0 [Note] InnoDB: 10.4.32 started; log sequence number 569291; transaction id 939
2024-04-12 19:34:09 0 [Note] InnoDB: Loading buffer pool(s) from P:\xampp\mysql\data\ib_buffer_pool
2024-04-12 19:34:09 0 [Note] Plugin 'FEEDBACK' is disabled.
2024-04-12 19:34:09 0 [Note] InnoDB: Buffer pool(s) load completed at 240412 19:34:09
2024-04-12 19:34:09 0 [ERROR] Could not open mysql.plugin table. Some plugins may be not loaded
2024-04-12 19:34:09 0 [ERROR] Can't open and lock privilege tables: Table 'mysql.servers' doesn't exist
2024-04-12 19:34:09 0 [Note] Server socket created on IP: '::'.
2024-04-12 19:34:52 0 [Note] Starting MariaDB 10.4.32-MariaDB source revision c4143f909528e3fab0677a28631d10389354c491 as process 10888
2024-04-12 19:34:52 0 [Note] InnoDB: The first innodb_system data file 'ibdata1' did not exist. A new tablespace will be created!
2024-04-12 19:34:52 0 [Note] InnoDB: Mutexes and rw_locks use Windows interlocked functions
2024-04-12 19:34:52 0 [Note] InnoDB: Uses event mutexes
2024-04-12 19:34:52 0 [Note] InnoDB: Compressed tables use zlib 1.3
2024-04-12 19:34:52 0 [Note] InnoDB: Number of pools: 1
2024-04-12 19:34:52 0 [Note] InnoDB: Using SSE2 crc32 instructions
2024-04-12 19:34:52 0 [Note] InnoDB: Initializing buffer pool, total size = 16M, instances = 1, chunk size = 16M
2024-04-12 19:34:52 0 [Note] InnoDB: Completed initialization of buffer pool
2024-04-12 19:34:52 0 [Note] InnoDB: Setting file 'P:\xampp\mysql\data\ibdata1' size to 10 MB. Physically writing the file full; Please wait ...
2024-04-12 19:34:52 0 [Note] InnoDB: File 'P:\xampp\mysql\data\ibdata1' size is now 10 MB.
2024-04-12 19:34:52 0 [Note] InnoDB: Setting log file P:\xampp\mysql\data\ib_logfile101 size to 5242880 bytes
2024-04-12 19:34:52 0 [Note] InnoDB: Setting log file P:\xampp\mysql\data\ib_logfile1 size to 5242880 bytes
2024-04-12 19:34:52 0 [Note] InnoDB: Renaming log file P:\xampp\mysql\data\ib_logfile101 to P:\xampp\mysql\data\ib_logfile0
2024-04-12 19:34:52 0 [Note] InnoDB: New log files created, LSN=11451
2024-04-12 19:34:52 0 [Note] InnoDB: Doublewrite buffer not found: creating new
2024-04-12 19:34:53 0 [Note] InnoDB: Doublewrite buffer created
2024-04-12 19:34:53 0 [Note] InnoDB: 128 out of 128 rollback segments are active.
2024-04-12 19:34:53 0 [Note] InnoDB: Creating foreign key constraint system tables.
2024-04-12 19:34:53 0 [Note] InnoDB: Creating tablespace and datafile system tables.
2024-04-12 19:34:53 0 [Note] InnoDB: Creating sys_virtual system tables.
2024-04-12 19:34:53 0 [Note] InnoDB: Creating shared tablespace for temporary tables
2024-04-12 19:34:53 0 [Note] InnoDB: Setting file 'P:\xampp\mysql\data\ibtmp1' size to 12 MB. Physically writing the file full; Please wait ...
2024-04-12 19:34:53 0 [Note] InnoDB: File 'P:\xampp\mysql\data\ibtmp1' size is now 12 MB.
2024-04-12 19:34:53 0 [Note] InnoDB: Waiting for purge to start
2024-04-12 19:34:53 0 [Note] InnoDB: 10.4.32 started; log sequence number 0; transaction id 7
2024-04-12 19:34:53 0 [Note] Plugin 'FEEDBACK' is disabled.
2024-04-12 19:34:53 0 [ERROR] Could not open mysql.plugin table. Some plugins may be not loaded
2024-04-12 19:34:53 0 [ERROR] Can't open and lock privilege tables: Table 'mysql.servers' doesn't exist
2024-04-12 19:34:53 0 [Note] Server socket created on IP: '::'.
2024-04-12 19:35:05 0 [Note] Starting MariaDB 10.4.32-MariaDB source revision c4143f909528e3fab0677a28631d10389354c491 as process 4044
2024-04-12 19:35:05 0 [Note] InnoDB: Mutexes and rw_locks use Windows interlocked functions
2024-04-12 19:35:05 0 [Note] InnoDB: Uses event mutexes
2024-04-12 19:35:05 0 [Note] InnoDB: Compressed tables use zlib 1.3
2024-04-12 19:35:05 0 [Note] InnoDB: Number of pools: 1
2024-04-12 19:35:05 0 [Note] InnoDB: Using SSE2 crc32 instructions
2024-04-12 19:35:05 0 [Note] InnoDB: Initializing buffer pool, total size = 16M, instances = 1, chunk size = 16M
2024-04-12 19:35:05 0 [Note] InnoDB: Completed initialization of buffer pool
2024-04-12 19:35:06 0 [Note] InnoDB: 128 out of 128 rollback segments are active.
2024-04-12 19:35:06 0 [Note] InnoDB: Creating shared tablespace for temporary tables
2024-04-12 19:35:06 0 [Note] InnoDB: Setting file 'P:\xampp\mysql\data\ibtmp1' size to 12 MB. Physically writing the file full; Please wait ...
2024-04-12 19:35:06 0 [Note] InnoDB: File 'P:\xampp\mysql\data\ibtmp1' size is now 12 MB.
2024-04-12 19:35:06 0 [Note] InnoDB: Waiting for purge to start
2024-04-12 19:35:06 0 [Note] InnoDB: 10.4.32 started; log sequence number 47047; transaction id 8
2024-04-12 19:35:06 0 [Note] InnoDB: Loading buffer pool(s) from P:\xampp\mysql\data\ib_buffer_pool
2024-04-12 19:35:06 0 [Note] Plugin 'FEEDBACK' is disabled.
2024-04-12 19:35:06 0 [ERROR] Could not open mysql.plugin table. Some plugins may be not loaded
2024-04-12 19:35:06 0 [Note] InnoDB: Buffer pool(s) load completed at 240412 19:35:06
2024-04-12 19:35:06 0 [ERROR] Can't open and lock privilege tables: Table 'mysql.servers' doesn't exist
2024-04-12 19:35:06 0 [Note] Server socket created on IP: '::'.
2024-04-12 19:35:09 0 [Note] Starting MariaDB 10.4.32-MariaDB source revision c4143f909528e3fab0677a28631d10389354c491 as process 10940
2024-04-12 19:35:09 0 [Note] InnoDB: Mutexes and rw_locks use Windows interlocked functions
2024-04-12 19:35:09 0 [Note] InnoDB: Uses event mutexes
2024-04-12 19:35:09 0 [Note] InnoDB: Compressed tables use zlib 1.3
2024-04-12 19:35:09 0 [Note] InnoDB: Number of pools: 1
2024-04-12 19:35:09 0 [Note] InnoDB: Using SSE2 crc32 instructions
2024-04-12 19:35:09 0 [Note] InnoDB: Initializing buffer pool, total size = 16M, instances = 1, chunk size = 16M
2024-04-12 19:35:09 0 [Note] InnoDB: Completed initialization of buffer pool
2024-04-12 19:35:09 0 [Note] InnoDB: 128 out of 128 rollback segments are active.
2024-04-12 19:35:09 0 [Note] InnoDB: Creating shared tablespace for temporary tables
2024-04-12 19:35:09 0 [Note] InnoDB: Setting file 'P:\xampp\mysql\data\ibtmp1' size to 12 MB. Physically writing the file full; Please wait ...
2024-04-12 19:35:09 0 [Note] InnoDB: File 'P:\xampp\mysql\data\ibtmp1' size is now 12 MB.
2024-04-12 19:35:09 0 [Note] InnoDB: Waiting for purge to start
2024-04-12 19:35:09 0 [Note] InnoDB: 10.4.32 started; log sequence number 47056; transaction id 8
2024-04-12 19:35:09 0 [Note] InnoDB: Loading buffer pool(s) from P:\xampp\mysql\data\ib_buffer_pool
2024-04-12 19:35:09 0 [Note] Plugin 'FEEDBACK' is disabled.
2024-04-12 19:35:09 0 [ERROR] Could not open mysql.plugin table. Some plugins may be not loaded
2024-04-12 19:35:09 0 [Note] InnoDB: Buffer pool(s) load completed at 240412 19:35:09
2024-04-12 19:35:09 0 [ERROR] Can't open and lock privilege tables: Table 'mysql.servers' doesn't exist
2024-04-12 19:35:09 0 [Note] Server socket created on IP: '::'.
2024-04-12 19:35:11 0 [Note] Starting MariaDB 10.4.32-MariaDB source revision c4143f909528e3fab0677a28631d10389354c491 as process 11908
2024-04-12 19:35:11 0 [Note] InnoDB: Mutexes and rw_locks use Windows interlocked functions
2024-04-12 19:35:11 0 [Note] InnoDB: Uses event mutexes
2024-04-12 19:35:11 0 [Note] InnoDB: Compressed tables use zlib 1.3
2024-04-12 19:35:11 0 [Note] InnoDB: Number of pools: 1
2024-04-12 19:35:11 0 [Note] InnoDB: Using SSE2 crc32 instructions
2024-04-12 19:35:11 0 [Note] InnoDB: Initializing buffer pool, total size = 16M, instances = 1, chunk size = 16M
2024-04-12 19:35:11 0 [Note] InnoDB: Completed initialization of buffer pool
2024-04-12 19:35:12 0 [Note] InnoDB: 128 out of 128 rollback segments are active.
2024-04-12 19:35:12 0 [Note] InnoDB: Creating shared tablespace for temporary tables
2024-04-12 19:35:12 0 [Note] InnoDB: Setting file 'P:\xampp\mysql\data\ibtmp1' size to 12 MB. Physically writing the file full; Please wait ...
2024-04-12 19:35:12 0 [Note] InnoDB: File 'P:\xampp\mysql\data\ibtmp1' size is now 12 MB.
2024-04-12 19:35:12 0 [Note] InnoDB: Waiting for purge to start
2024-04-12 19:35:12 0 [Note] InnoDB: 10.4.32 started; log sequence number 47065; transaction id 8
2024-04-12 19:35:12 0 [Note] InnoDB: Loading buffer pool(s) from P:\xampp\mysql\data\ib_buffer_pool
2024-04-12 19:35:12 0 [Note] Plugin 'FEEDBACK' is disabled.
2024-04-12 19:35:12 0 [ERROR] Could not open mysql.plugin table. Some plugins may be not loaded
2024-04-12 19:35:12 0 [Note] InnoDB: Buffer pool(s) load completed at 240412 19:35:12
2024-04-12 19:35:12 0 [ERROR] Can't open and lock privilege tables: Table 'mysql.servers' doesn't exist
2024-04-12 19:35:12 0 [Note] Server socket created on IP: '::'.
